#
# A fatal error has been detected by the Java Runtime Environment:
#
#  SIGSEGV (0xb) at pc=0x00007f34790e2009, pid=34508, tid=34509
#
# JRE version: OpenJDK Runtime Environment (9.0) (build 9-internal+0-2016-04-14-195246.buildd.src)
# Java VM: OpenJDK 64-Bit Server VM (9-internal+0-2016-04-14-195246.buildd.src, mixed mode, tiered, compressed oops, g1 gc, linux-amd64)
# Problematic frame:
# C  [libjava.so+0x1d009]  JNU_GetEnv+0x19
#
# Core dump will be written. Default location: Core dumps may be processed with "/usr/share/apport/apport %p %s %c %d %P" (or dumping to /home/python/Desktop/JAVA/core.34508)
#
# If you would like to submit a bug report, please visit:
#   http://bugreport.java.com/bugreport/crash.jsp
# The crash happened outside the Java Virtual Machine in native code.
# See problematic frame for where to report the bug.
#

---------------  S U M M A R Y ------------

Command Line: AwtDemo

Host: Intel(R) Core(TM) i7-4790K CPU @ 4.00GHz, 4 cores, 3G, Ubuntu 16.04.2 LTS
Time: Fri May 24 16:12:22 2019 CST elapsed time: 5 seconds (0d 0h 0m 5s)

---------------  T H R E A D  ---------------

Current thread (0x00007f3474010800):  JavaThread "main" [_thread_in_native, id=34509, stack(0x00007f347be46000,0x00007f347bf47000)]

Stack: [0x00007f347be46000,0x00007f347bf47000],  sp=0x00007f347bf44110,  free space=1016k
Native frames: (J=compiled Java code, j=interpreted, Vv=VM code, C=native code)
C  [libjava.so+0x1d009]  JNU_GetEnv+0x19
C  [libfontmanager.so+0x33f8e]
C  [libfreetype.so.6+0x14d2b]  FT_Stream_Seek+0x1b

Java frames: (J=compiled Java code, j=interpreted, Vv=VM code)
j  sun.font.FreetypeFontScaler.initNativeScaler(Lsun/font/Font2D;IIZI)J+0 java.desktop@9-internal
j  sun.font.FreetypeFontScaler.<init>(Lsun/font/Font2D;IZI)V+26 java.desktop@9-internal
v  ~StubRoutines::call_stub
j  sun.reflect.NativeConstructorAccessorImpl.newInstance0(Ljava/lang/reflect/Constructor;[Ljava/lang/Object;)Ljava/lang/Object;+0 java.base@9-internal
j  sun.reflect.NativeConstructorAccessorImpl.newInstance([Ljava/lang/Object;)Ljava/lang/Object;+85 java.base@9-internal
j  sun.reflect.DelegatingConstructorAccessorImpl.newInstance([Ljava/lang/Object;)Ljava/lang/Object;+5 java.base@9-internal
j  java.lang.reflect.Constructor.newInstance([Ljava/lang/Object;)Ljava/lang/Object;+65 java.base@9-internal
j  sun.font.FontScaler.getScaler(Lsun/font/Font2D;IZI)Lsun/font/FontScaler;+39 java.desktop@9-internal
j  sun.font.TrueTypeFont.getScaler()Lsun/font/FontScaler;+21 java.desktop@9-internal
j  sun.font.FileFontStrike.<init>(Lsun/font/FileFont;Lsun/font/FontStrikeDesc;)V+204 java.desktop@9-internal
j  sun.font.FileFont.createStrike(Lsun/font/FontStrikeDesc;)Lsun/font/FontStrike;+18 java.desktop@9-internal
j  sun.font.Font2D.getStrike(Lsun/font/FontStrikeDesc;Z)Lsun/font/FontStrike;+92 java.desktop@9-internal
j  sun.font.Font2D.getStrike(Lsun/font/FontStrikeDesc;)Lsun/font/FontStrike;+3 java.desktop@9-internal
j  sun.font.CompositeStrike.getStrikeForSlot(I)Lsun/font/PhysicalStrike;+23 java.desktop@9-internal
j  sun.font.CompositeStrike.getFontMetrics()Lsun/font/StrikeMetrics;+31 java.desktop@9-internal
j  sun.font.FontDesignMetrics.initMatrixAndMetrics()V+28 java.desktop@9-internal
j  sun.font.FontDesignMetrics.<init>(Ljava/awt/Font;Ljava/awt/font/FontRenderContext;)V+62 java.desktop@9-internal
j  sun.font.FontDesignMetrics.getMetrics(Ljava/awt/Font;Ljava/awt/font/FontRenderContext;)Lsun/font/FontDesignMetrics;+128 java.desktop@9-internal
j  sun.font.FontDesignMetrics.getMetrics(Ljava/awt/Font;)Lsun/font/FontDesignMetrics;+4 java.desktop@9-internal
j  sun.awt.X11.XComponentPeer.getFontMetrics(Ljava/awt/Font;)Ljava/awt/FontMetrics;+25 java.desktop@9-internal
j  sun.awt.X11.XButtonPeer.getMinimumSize()Ljava/awt/Dimension;+5 java.desktop@9-internal
j  sun.awt.X11.XComponentPeer.getPreferredSize()Ljava/awt/Dimension;+1 java.desktop@9-internal
j  java.awt.Component.preferredSize()Ljava/awt/Dimension;+42 java.desktop@9-internal
j  java.awt.Component.getPreferredSize()Ljava/awt/Dimension;+1 java.desktop@9-internal
j  java.awt.FlowLayout.layoutContainer(Ljava/awt/Container;)V+127 java.desktop@9-internal
j  java.awt.Container.layout()V+11 java.desktop@9-internal
j  java.awt.Container.doLayout()V+1 java.desktop@9-internal
j  java.awt.Container.validateTree()V+47 java.desktop@9-internal
j  java.awt.Container.validate()V+60 java.desktop@9-internal
j  java.awt.Container.validateUnconditionally()V+14 java.desktop@9-internal
j  java.awt.Window.show()V+12 java.desktop@9-internal
j  java.awt.Component.show(Z)V+5 java.desktop@9-internal
j  java.awt.Component.setVisible(Z)V+2 java.desktop@9-internal
j  java.awt.Window.setVisible(Z)V+2 java.desktop@9-internal
j  AwtDemo.main([Ljava/lang/String;)V+59
v  ~StubRoutines::call_stub

siginfo: si_signo: 11 (SIGSEGV), si_code: 1 (SEGV_MAPERR), si_addr: 0x0000000000000000

Register to memory mapping:

RAX=0x0000000000000000 is an unknown value
RBX=0x0000000000000000 is an unknown value
RCX=0x0000000000000000 is an unknown value
RDX=0x0000000000010002 is an unknown value
RSP=0x00007f347bf44110 is pointing into the stack for thread: 0x00007f3474010800
RBP=0x00007f347bf44120 is pointing into the stack for thread: 0x00007f3474010800
RSI=0x0000000000010002 is an unknown value
RDI=0x0000000000000000 is an unknown value
R8 =0x0000000000000000 is an unknown value
R9 =0x0000000000000000 is an unknown value
R10=0x00000000000001db is an unknown value
R11=0x00007f34790e1ff0: JNU_GetEnv+0x0000000000000000 in /usr/lib/jvm/java-9-openjdk-amd64/lib/amd64/libjava.so at 0x00007f34790c5000
R12=0x00007f34741f5a50 is an unknown value
R13=0x0000000000000000 is an unknown value
R14=0x0000000000000000 is an unknown value
R15=0x00007f3474188420 is an unknown value


Registers:
RAX=0x0000000000000000, RBX=0x0000000000000000, RCX=0x0000000000000000, RDX=0x0000000000010002
RSP=0x00007f347bf44110, RBP=0x00007f347bf44120, RSI=0x0000000000010002, RDI=0x0000000000000000
R8 =0x0000000000000000, R9 =0x0000000000000000, R10=0x00000000000001db, R11=0x00007f34790e1ff0
R12=0x00007f34741f5a50, R13=0x0000000000000000, R14=0x0000000000000000, R15=0x00007f3474188420
RIP=0x00007f34790e2009, EFLAGS=0x0000000000010246, CSGSFS=0x0000000000000033, ERR=0x0000000000000004
  TRAPNO=0x000000000000000e

Top of Stack: (sp=0x00007f347bf44110)
0x00007f347bf44110:   0000000000000000 7d481e17f6d50800
0x00007f347bf44120:   00007f347bf44160 00007f342cce7f8e
0x00007f347bf44130:   00007f3474317f40 00007f34741f5a50
0x00007f347bf44140:   0000000000000000 0000000000000000
0x00007f347bf44150:   00007f34741f5a50 00007f3474188420
0x00007f347bf44160:   0000000000000000 00007f342ca1ed2b
0x00007f347bf44170:   0000000000000000 00007f342ccb0d80
0x00007f347bf44180:   0000000000000000 00007f342ca328e0
0x00007f347bf44190:   0000000000000014 0000004400000053
0x00007f347bf441a0:   0000000000000002 0000000000000000
0x00007f347bf441b0:   0000006e0000005d 0000000000000000
0x00007f347bf441c0:   0000000000000000 0000007c00000077
0x00007f347bf441d0:   0000000000000000 0000000000000000
0x00007f347bf441e0:   000000004e8b41d0 468b41e04e8b45e8
0x00007f347bf441f0:   0000000000000000 00007f3474000020
0x00007f347bf44200:   0000000000000070 00007f347bf442b4
0x00007f347bf44210:   00007f3474317f40 00007f3474188420
0x00007f347bf44220:   00007f347bf442b4 00007f347b7f0184
0x00007f347bf44230:   00007f347bf44380 00007f347bf44264
0x00007f347bf44240:   00007f342ccad9e0 7d481e17f6d50800
0x00007f347bf44250:   0000000000000070 00007f34741f5a20
0x00007f347bf44260:   00007f342ccad9e0 00007f347bf44378
0x00007f347bf44270:   00007f3474317f40 00007f3474188420
0x00007f347bf44280:   00007f34741f5960 00007f342ca214c2
0x00007f347bf44290:   0000000100000000 00007f347bf44380
0x00007f347bf442a0:   0000000000000000 0000000000000000
0x00007f347bf442b0:   000000007bf44378 7d481e17f6d50800
0x00007f347bf442c0:   00007f34741f5a20 00007f347bf44380
0x00007f347bf442d0:   0000000000000000 00007f3474198f18
0x00007f347bf442e0:   00007f347bf44580 00007f3474198e78
0x00007f347bf442f0:   00007f3474317f40 00007f342ca23581
0x00007f347bf44300:   00007f347bf44380 00007f342ca23376 

Instructions: (pc=0x00007f34790e2009)
0x00007f34790e1fe9:   ff eb ea 0f 1f 40 00 55 89 f2 48 89 e5 48 83 ec
0x00007f34790e1ff9:   10 64 48 8b 04 25 28 00 00 00 48 89 45 f8 31 c0
0x00007f34790e2009:   48 8b 07 48 8d 75 f0 ff 50 30 48 8b 4d f8 64 48
0x00007f34790e2019:   33 0c 25 28 00 00 00 48 8b 45 f0 75 02 c9 c3 e8 


---------------  P R O C E S S  ---------------

Java Threads: ( => current thread )
  0x00007f33e8001000 JavaThread "SeedGenerator Thread" daemon [_thread_blocked, id=34557, stack(0x00007f3400bfd000,0x00007f3400cfe000)]
  0x00007f3474994000 JavaThread "SeedGenerator Thread" daemon [_thread_in_Java, id=34536, stack(0x00007f3400cfe000,0x00007f3400dff000)]
  0x00007f3474320000 JavaThread "AWT-Shutdown" [_thread_blocked, id=34535, stack(0x00007f342c0d2000,0x00007f342c1d3000)]
  0x00007f3474307000 JavaThread "AWT-XAWT" daemon [_thread_in_native, id=34534, stack(0x00007f342c1d3000,0x00007f342c2d4000)]
  0x00007f34742ea800 JavaThread "Java2D Disposer" daemon [_thread_blocked, id=34533, stack(0x00007f342c6e4000,0x00007f342c7e5000)]
  0x00007f347423f800 JavaThread "Service Thread" daemon [_thread_blocked, id=34531, stack(0x00007f342e743000,0x00007f342e844000)]
  0x00007f3474141800 JavaThread "Common-Cleaner" daemon [_thread_blocked, id=34530, stack(0x00007f342e844000,0x00007f342e945000)]
  0x00007f3474112000 JavaThread "Sweeper thread" daemon [_thread_blocked, id=34529, stack(0x00007f342ed6f000,0x00007f342ee70000)]
  0x00007f3474110000 JavaThread "C1 CompilerThread2" daemon [_thread_blocked, id=34528, stack(0x00007f342ee70000,0x00007f342ef71000)]
  0x00007f347410e000 JavaThread "C2 CompilerThread1" daemon [_thread_blocked, id=34527, stack(0x00007f342ef71000,0x00007f342f072000)]
  0x00007f347410c800 JavaThread "C2 CompilerThread0" daemon [_thread_blocked, id=34526, stack(0x00007f342f072000,0x00007f342f173000)]
  0x00007f3474108000 JavaThread "Signal Dispatcher" daemon [_thread_blocked, id=34525, stack(0x00007f342f173000,0x00007f342f274000)]
  0x00007f3474106000 JavaThread "Surrogate Locker Thread (Concurrent GC)" daemon [_thread_blocked, id=34524, stack(0x00007f342f274000,0x00007f342f375000)]
  0x00007f34740f4800 JavaThread "Finalizer" daemon [_thread_blocked, id=34523, stack(0x00007f343403f000,0x00007f3434140000)]
  0x00007f34740f0800 JavaThread "Reference Handler" daemon [_thread_blocked, id=34522, stack(0x00007f345c095000,0x00007f345c196000)]
=>0x00007f3474010800 JavaThread "main" [_thread_in_native, id=34509, stack(0x00007f347be46000,0x00007f347bf47000)]

Other Threads:
  0x00007f34740e6800 VMThread [stack: 0x00007f345c196000,0x00007f345c297000] [id=34521]
  0x00007f3474242800 WatcherThread [stack: 0x00007f342e642000,0x00007f342e743000] [id=34532]

Threads with active compile tasks:

VM state:not at safepoint (normal execution)

VM Mutex/Monitor currently owned by a thread: None

heap address: 0x00000000c2800000, size: 984 MB, Compressed Oops mode: 32-bit
Narrow klass base: 0x0000000000000000, Narrow klass shift: 3
Compressed class space size: 1073741824 Address: 0x0000000100000000

Heap:
 garbage-first heap   total 63488K, used 5120K [0x00000000c2800000, 0x00000000c29001f0, 0x0000000100000000)
  region size 1024K, 6 young (6144K), 0 survivors (0K)
 Metaspace       used 9934K, capacity 10180K, committed 10368K, reserved 1058816K
  class space    used 1043K, capacity 1121K, committed 1152K, reserved 1048576K

Heap Regions: E=young(eden), S=young(survivor), O=old, HS=humongous(starts), HC=humongous(continues), CS=collection set, F=free, A=archive, TS=gc time stamp, AC=allocation context, TAMS=top-at-mark-start (previous, next)
|   0|0x00000000c2800000, 0x00000000c2800000, 0x00000000c2900000|  0%| F|  |TS  0|AC  0|TAMS 0x00000000c2800000, 0x00000000c2800000|
|   1|0x00000000c2900000, 0x00000000c2900000, 0x00000000c2a00000|  0%| F|  |TS  0|AC  0|TAMS 0x00000000c2900000, 0x00000000c2900000|
|   2|0x00000000c2a00000, 0x00000000c2a00000, 0x00000000c2b00000|  0%| F|  |TS  0|AC  0|TAMS 0x00000000c2a00000, 0x00000000c2a00000|
|   3|0x00000000c2b00000, 0x00000000c2b00000, 0x00000000c2c00000|  0%| F|  |TS  0|AC  0|TAMS 0x00000000c2b00000, 0x00000000c2b00000|
|   4|0x00000000c2c00000, 0x00000000c2c00000, 0x00000000c2d00000|  0%| F|  |TS  0|AC  0|TAMS 0x00000000c2c00000, 0x00000000c2c00000|
|   5|0x00000000c2d00000, 0x00000000c2d00000, 0x00000000c2e00000|  0%| F|  |TS  0|AC  0|TAMS 0x00000000c2d00000, 0x00000000c2d00000|
|   6|0x00000000c2e00000, 0x00000000c2e00000, 0x00000000c2f00000|  0%| F|  |TS  0|AC  0|TAMS 0x00000000c2e00000, 0x00000000c2e00000|
|   7|0x00000000c2f00000, 0x00000000c2f00000, 0x00000000c3000000|  0%| F|  |TS  0|AC  0|TAMS 0x00000000c2f00000, 0x00000000c2f00000|
|   8|0x00000000c3000000, 0x00000000c3000000, 0x00000000c3100000|  0%| F|  |TS  0|AC  0|TAMS 0x00000000c3000000, 0x00000000c3000000|
|   9|0x00000000c3100000, 0x00000000c3100000, 0x00000000c3200000|  0%| F|  |TS  0|AC  0|TAMS 0x00000000c3100000, 0x00000000c3100000|
|  10|0x00000000c3200000, 0x00000000c3200000, 0x00000000c3300000|  0%| F|  |TS  0|AC  0|TAMS 0x00000000c3200000, 0x00000000c3200000|
|  11|0x00000000c3300000, 0x00000000c3300000, 0x00000000c3400000|  0%| F|  |TS  0|AC  0|TAMS 0x00000000c3300000, 0x00000000c3300000|
|  12|0x00000000c3400000, 0x00000000c3400000, 0x00000000c3500000|  0%| F|  |TS  0|AC  0|TAMS 0x00000000c3400000, 0x00000000c3400000|
|  13|0x00000000c3500000, 0x00000000c3500000, 0x00000000c3600000|  0%| F|  |TS  0|AC  0|TAMS 0x00000000c3500000, 0x00000000c3500000|
|  14|0x00000000c3600000, 0x00000000c3600000, 0x00000000c3700000|  0%| F|  |TS  0|AC  0|TAMS 0x00000000c3600000, 0x00000000c3600000|
|  15|0x00000000c3700000, 0x00000000c3700000, 0x00000000c3800000|  0%| F|  |TS  0|AC  0|TAMS 0x00000000c3700000, 0x00000000c3700000|
|  16|0x00000000c3800000, 0x00000000c3800000, 0x00000000c3900000|  0%| F|  |TS  0|AC  0|TAMS 0x00000000c3800000, 0x00000000c3800000|
|  17|0x00000000c3900000, 0x00000000c3900000, 0x00000000c3a00000|  0%| F|  |TS  0|AC  0|TAMS 0x00000000c3900000, 0x00000000c3900000|
|  18|0x00000000c3a00000, 0x00000000c3a00000, 0x00000000c3b00000|  0%| F|  |TS  0|AC  0|TAMS 0x00000000c3a00000, 0x00000000c3a00000|
|  19|0x00000000c3b00000, 0x00000000c3b00000, 0x00000000c3c00000|  0%| F|  |TS  0|AC  0|TAMS 0x00000000c3b00000, 0x00000000c3b00000|
|  20|0x00000000c3c00000, 0x00000000c3c00000, 0x00000000c3d00000|  0%| F|  |TS  0|AC  0|TAMS 0x00000000c3c00000, 0x00000000c3c00000|
|  21|0x00000000c3d00000, 0x00000000c3d00000, 0x00000000c3e00000|  0%| F|  |TS  0|AC  0|TAMS 0x00000000c3d00000, 0x00000000c3d00000|
|  22|0x00000000c3e00000, 0x00000000c3e00000, 0x00000000c3f00000|  0%| F|  |TS  0|AC  0|TAMS 0x00000000c3e00000, 0x00000000c3e00000|
|  23|0x00000000c3f00000, 0x00000000c3f00000, 0x00000000c4000000|  0%| F|  |TS  0|AC  0|TAMS 0x00000000c3f00000, 0x00000000c3f00000|
|  24|0x00000000c4000000, 0x00000000c4000000, 0x00000000c4100000|  0%| F|  |TS  0|AC  0|TAMS 0x00000000c4000000, 0x00000000c4000000|
|  25|0x00000000c4100000, 0x00000000c4100000, 0x00000000c4200000|  0%| F|  |TS  0|AC  0|TAMS 0x00000000c4100000, 0x00000000c4100000|
|  26|0x00000000c4200000, 0x00000000c4200000, 0x00000000c4300000|  0%| F|  |TS  0|AC  0|TAMS 0x00000000c4200000, 0x00000000c4200000|
|  27|0x00000000c4300000, 0x00000000c4300000, 0x00000000c4400000|  0%| F|  |TS  0|AC  0|TAMS 0x00000000c4300000, 0x00000000c4300000|
|  28|0x00000000c4400000, 0x00000000c4400000, 0x00000000c4500000|  0%| F|  |TS  0|AC  0|TAMS 0x00000000c4400000, 0x00000000c4400000|
|  29|0x00000000c4500000, 0x00000000c4500000, 0x00000000c4600000|  0%| F|  |TS  0|AC  0|TAMS 0x00000000c4500000, 0x00000000c4500000|
|  30|0x00000000c4600000, 0x00000000c4600000, 0x00000000c4700000|  0%| F|  |TS  0|AC  0|TAMS 0x00000000c4600000, 0x00000000c4600000|
|  31|0x00000000c4700000, 0x00000000c4700000, 0x00000000c4800000|  0%| F|  |TS  0|AC  0|TAMS 0x00000000c4700000, 0x00000000c4700000|
|  32|0x00000000c4800000, 0x00000000c4800000, 0x00000000c4900000|  0%| F|  |TS  0|AC  0|TAMS 0x00000000c4800000, 0x00000000c4800000|
|  33|0x00000000c4900000, 0x00000000c4900000, 0x00000000c4a00000|  0%| F|  |TS  0|AC  0|TAMS 0x00000000c4900000, 0x00000000c4900000|
|  34|0x00000000c4a00000, 0x00000000c4a00000, 0x00000000c4b00000|  0%| F|  |TS  0|AC  0|TAMS 0x00000000c4a00000, 0x00000000c4a00000|
|  35|0x00000000c4b00000, 0x00000000c4b00000, 0x00000000c4c00000|  0%| F|  |TS  0|AC  0|TAMS 0x00000000c4b00000, 0x00000000c4b00000|
|  36|0x00000000c4c00000, 0x00000000c4c00000, 0x00000000c4d00000|  0%| F|  |TS  0|AC  0|TAMS 0x00000000c4c00000, 0x00000000c4c00000|
|  37|0x00000000c4d00000, 0x00000000c4d00000, 0x00000000c4e00000|  0%| F|  |TS  0|AC  0|TAMS 0x00000000c4d00000, 0x00000000c4d00000|
|  38|0x00000000c4e00000, 0x00000000c4e00000, 0x00000000c4f00000|  0%| F|  |TS  0|AC  0|TAMS 0x00000000c4e00000, 0x00000000c4e00000|
|  39|0x00000000c4f00000, 0x00000000c4f00000, 0x00000000c5000000|  0%| F|  |TS  0|AC  0|TAMS 0x00000000c4f00000, 0x00000000c4f00000|
|  40|0x00000000c5000000, 0x00000000c5000000, 0x00000000c5100000|  0%| F|  |TS  0|AC  0|TAMS 0x00000000c5000000, 0x00000000c5000000|
|  41|0x00000000c5100000, 0x00000000c5100000, 0x00000000c5200000|  0%| F|  |TS  0|AC  0|TAMS 0x00000000c5100000, 0x00000000c5100000|
|  42|0x00000000c5200000, 0x00000000c5200000, 0x00000000c5300000|  0%| F|  |TS  0|AC  0|TAMS 0x00000000c5200000, 0x00000000c5200000|
|  43|0x00000000c5300000, 0x00000000c5300000, 0x00000000c5400000|  0%| F|  |TS  0|AC  0|TAMS 0x00000000c5300000, 0x00000000c5300000|
|  44|0x00000000c5400000, 0x00000000c5400000, 0x00000000c5500000|  0%| F|  |TS  0|AC  0|TAMS 0x00000000c5400000, 0x00000000c5400000|
|  45|0x00000000c5500000, 0x00000000c5500000, 0x00000000c5600000|  0%| F|  |TS  0|AC  0|TAMS 0x00000000c5500000, 0x00000000c5500000|
|  46|0x00000000c5600000, 0x00000000c5600000, 0x00000000c5700000|  0%| F|  |TS  0|AC  0|TAMS 0x00000000c5600000, 0x00000000c5600000|
|  47|0x00000000c5700000, 0x00000000c5700000, 0x00000000c5800000|  0%| F|  |TS  0|AC  0|TAMS 0x00000000c5700000, 0x00000000c5700000|
|  48|0x00000000c5800000, 0x00000000c5800000, 0x00000000c5900000|  0%| F|  |TS  0|AC  0|TAMS 0x00000000c5800000, 0x00000000c5800000|
|  49|0x00000000c5900000, 0x00000000c5900000, 0x00000000c5a00000|  0%| F|  |TS  0|AC  0|TAMS 0x00000000c5900000, 0x00000000c5900000|
|  50|0x00000000c5a00000, 0x00000000c5a00000, 0x00000000c5b00000|  0%| F|  |TS  0|AC  0|TAMS 0x00000000c5a00000, 0x00000000c5a00000|
|  51|0x00000000c5b00000, 0x00000000c5b00000, 0x00000000c5c00000|  0%| F|  |TS  0|AC  0|TAMS 0x00000000c5b00000, 0x00000000c5b00000|
|  52|0x00000000c5c00000, 0x00000000c5c00000, 0x00000000c5d00000|  0%| F|  |TS  0|AC  0|TAMS 0x00000000c5c00000, 0x00000000c5c00000|
|  53|0x00000000c5d00000, 0x00000000c5d00000, 0x00000000c5e00000|  0%| F|  |TS  0|AC  0|TAMS 0x00000000c5d00000, 0x00000000c5d00000|
|  54|0x00000000c5e00000, 0x00000000c5e00000, 0x00000000c5f00000|  0%| F|  |TS  0|AC  0|TAMS 0x00000000c5e00000, 0x00000000c5e00000|
|  55|0x00000000c5f00000, 0x00000000c5f00000, 0x00000000c6000000|  0%| F|  |TS  0|AC  0|TAMS 0x00000000c5f00000, 0x00000000c5f00000|
|  56|0x00000000c6000000, 0x00000000c6048320, 0x00000000c6100000| 28%| E|  |TS  0|AC  0|TAMS 0x00000000c6000000, 0x00000000c6000000|
|  57|0x00000000c6100000, 0x00000000c6200000, 0x00000000c6200000|100%| E|CS|TS  0|AC  0|TAMS 0x00000000c6100000, 0x00000000c6100000|
|  58|0x00000000c6200000, 0x00000000c6300000, 0x00000000c6300000|100%| E|CS|TS  0|AC  0|TAMS 0x00000000c6200000, 0x00000000c6200000|
|  59|0x00000000c6300000, 0x00000000c6400000, 0x00000000c6400000|100%| E|CS|TS  0|AC  0|TAMS 0x00000000c6300000, 0x00000000c6300000|
|  60|0x00000000c6400000, 0x00000000c6500000, 0x00000000c6500000|100%| E|CS|TS  0|AC  0|TAMS 0x00000000c6400000, 0x00000000c6400000|
|  61|0x00000000c6500000, 0x00000000c6600000, 0x00000000c6600000|100%| E|CS|TS  0|AC  0|TAMS 0x00000000c6500000, 0x00000000c6500000|

Card table byte_map: [0x00007f345cb82000,0x00007f345cd6e000] byte_map_base: 0x00007f345c56e000

Marking Bits (Prev, Next): (CMBitMap*) 0x00007f347404bf10, (CMBitMap*) 0x00007f347404bf68
 Prev Bits: [0x00007f34370a0000, 0x00007f3438000000)
 Next Bits: [0x00007f3436140000, 0x00007f34370a0000)

Polling page: 0x00007f347bf68000

CodeHeap 'non-nmethods': size=5696Kb used=1253Kb max_used=1265Kb free=4442Kb
 bounds [0x00007f345dc51000, 0x00007f345dec1000, 0x00007f345e1e1000]
CodeHeap 'profiled nmethods': size=120032Kb used=768Kb max_used=768Kb free=119263Kb
 bounds [0x00007f345e1e1000, 0x00007f345e451000, 0x00007f3465719000]
CodeHeap 'non-profiled nmethods': size=120032Kb used=162Kb max_used=162Kb free=119869Kb
 bounds [0x00007f3465719000, 0x00007f3465989000, 0x00007f346cc51000]
 total_blobs=1115 nmethods=485 adapters=423
 compilation: enabled

Compilation events (10 events):
Event: 5.293 Thread 0x00007f3474110000  481       3       java.nio.Buffer::position (55 bytes)
Event: 5.293 Thread 0x00007f3474110000 nmethod 481 0x00007f345e29fa90 code [0x00007f345e29fc20, 0x00007f345e29fee8]
Event: 5.293 Thread 0x00007f3474110000  483       3       java.nio.ByteBufferAsIntBufferB::get (16 bytes)
Event: 5.293 Thread 0x00007f3474110000 nmethod 483 0x00007f345e29ff90 code [0x00007f345e2a0180, 0x00007f345e2a0928]
Event: 5.293 Thread 0x00007f3474110000  484       3       java.nio.ByteBufferAsIntBufferB::ix (9 bytes)
Event: 5.293 Thread 0x00007f3474110000 nmethod 484 0x00007f345e2a0b90 code [0x00007f345e2a0d00, 0x00007f345e2a0e50]
Event: 5.293 Thread 0x00007f3474110000  485       3       java.nio.HeapByteBuffer::ix (7 bytes)
Event: 5.294 Thread 0x00007f3474110000 nmethod 485 0x00007f345e2a0f10 code [0x00007f345e2a1080, 0x00007f345e2a11d0]
Event: 5.294 Thread 0x00007f3474110000  486       1       java.nio.Buffer::limit (5 bytes)
Event: 5.294 Thread 0x00007f3474110000 nmethod 486 0x00007f3465741590 code [0x00007f3465741700, 0x00007f3465741810]

GC Heap History (0 events):
No events

Deoptimization events (10 events):
Event: 0.142 Thread 0x00007f3474010800 Uncommon trap: reason=class_check action=maybe_recompile pc=0x00007f346572372c method=java.util.HashMap.putVal(ILjava/lang/Object;Ljava/lang/Object;ZZ)Ljava/lang/Object; @ 91
Event: 0.143 Thread 0x00007f3474010800 Uncommon trap: reason=class_check action=maybe_recompile pc=0x00007f34657236f8 method=java.util.HashMap.putVal(ILjava/lang/Object;Ljava/lang/Object;ZZ)Ljava/lang/Object; @ 253
Event: 0.143 Thread 0x00007f3474010800 Uncommon trap: reason=class_check action=maybe_recompile pc=0x00007f3465721cac method=java.util.HashMap.putVal(ILjava/lang/Object;Ljava/lang/Object;ZZ)Ljava/lang/Object; @ 253
Event: 0.144 Thread 0x00007f3474010800 Uncommon trap: reason=unstable_fused_if action=reinterpret pc=0x00007f34657300dc method=jdk.internal.org.objectweb.asm.ByteVector.putUTF8(Ljava/lang/String;)Ljdk/internal/org/objectweb/asm/ByteVector; @ 91
Event: 0.242 Thread 0x00007f3474010800 Uncommon trap: reason=bimorphic_or_optimized_type_check action=maybe_recompile pc=0x00007f3465739348 method=java.util.HashMap.putVal(ILjava/lang/Object;Ljava/lang/Object;ZZ)Ljava/lang/Object; @ 253
Event: 0.242 Thread 0x00007f3474010800 Uncommon trap: reason=bimorphic_or_optimized_type_check action=maybe_recompile pc=0x00007f3465739348 method=java.util.HashMap.putVal(ILjava/lang/Object;Ljava/lang/Object;ZZ)Ljava/lang/Object; @ 253
Event: 0.242 Thread 0x00007f3474010800 Uncommon trap: reason=bimorphic_or_optimized_type_check action=maybe_recompile pc=0x00007f3465739348 method=java.util.HashMap.putVal(ILjava/lang/Object;Ljava/lang/Object;ZZ)Ljava/lang/Object; @ 253
Event: 0.243 Thread 0x00007f3474010800 Uncommon trap: reason=bimorphic_or_optimized_type_check action=maybe_recompile pc=0x00007f3465739348 method=java.util.HashMap.putVal(ILjava/lang/Object;Ljava/lang/Object;ZZ)Ljava/lang/Object; @ 253
Event: 0.497 Thread 0x00007f3474994000 Uncommon trap: reason=unstable_if action=reinterpret pc=0x00007f346573b7c0 method=sun.security.provider.SeedGenerator$ThreadedSeedGenerator.run()V @ 120
Event: 5.279 Thread 0x00007f3474010800 Uncommon trap: reason=unstable_if action=reinterpret pc=0x00007f3465737474 method=java.lang.String.equals(Ljava/lang/Object;)Z @ 27

Classes redefined (0 events):
No events

Internal exceptions (3 events):
Event: 0.091 Thread 0x00007f3474010800 Exception <a 'java/lang/ClassNotFoundException': sun/awt/resources/awtProvider> (0x00000000c6355730) thrown at [/build/openjdk-9-argm_o/openjdk-9-9~b114/src/hotspot/src/share/vm/classfile/systemDictionary.cpp, line 224]
Event: 0.100 Thread 0x00007f3474010800 Exception <a 'java/io/FileNotFoundException'> (0x00000000c6397640) thrown at [/build/openjdk-9-argm_o/openjdk-9-9~b114/src/hotspot/src/share/vm/prims/jni.cpp, line 605]
Event: 0.101 Thread 0x00007f3474010800 Exception <a 'java/io/FileNotFoundException'> (0x00000000c639f818) thrown at [/build/openjdk-9-argm_o/openjdk-9-9~b114/src/hotspot/src/share/vm/prims/jni.cpp, line 605]

Events (10 events):
Event: 5.291 loading class sun/nio/cs/UTF_16$Decoder
Event: 5.292 loading class sun/nio/cs/UnicodeDecoder
Event: 5.292 loading class sun/nio/cs/UnicodeDecoder done
Event: 5.292 loading class sun/nio/cs/UTF_16$Decoder done
Event: 5.293 loading class sun/font/FileFontStrike
Event: 5.294 loading class sun/font/FileFontStrike done
Event: 5.294 loading class sun/font/FontScaler
Event: 5.294 loading class sun/font/FontScaler done
Event: 5.295 loading class sun/font/FreetypeFontScaler
Event: 5.295 loading class sun/font/FreetypeFontScaler done


Dynamic libraries:
00400000-00401000 r-xp 00000000 08:01 23816                              /usr/lib/jvm/java-9-openjdk-amd64/bin/java
00600000-00601000 r--p 00000000 08:01 23816                              /usr/lib/jvm/java-9-openjdk-amd64/bin/java
00601000-00602000 rw-p 00001000 08:01 23816                              /usr/lib/jvm/java-9-openjdk-amd64/bin/java
02176000-02197000 rw-p 00000000 00:00 0                                  [heap]
c2800000-c6600000 rw-p 00000000 00:00 0 
c6600000-100000000 ---p 00000000 00:00 0 
100000000-100120000 rw-p 00000000 00:00 0 
100120000-140000000 ---p 00000000 00:00 0 
7f33dc000000-7f33dc021000 rw-p 00000000 00:00 0 
7f33dc021000-7f33e0000000 ---p 00000000 00:00 0 
7f33e0000000-7f33e0021000 rw-p 00000000 00:00 0 
7f33e0021000-7f33e4000000 ---p 00000000 00:00 0 
7f33e4000000-7f33e4021000 rw-p 00000000 00:00 0 
7f33e4021000-7f33e8000000 ---p 00000000 00:00 0 
7f33e8000000-7f33e8021000 rw-p 00000000 00:00 0 
7f33e8021000-7f33ec000000 ---p 00000000 00:00 0 
7f33ec000000-7f33ec021000 rw-p 00000000 00:00 0 
7f33ec021000-7f33f0000000 ---p 00000000 00:00 0 
7f33f0000000-7f33f0021000 rw-p 00000000 00:00 0 
7f33f0021000-7f33f4000000 ---p 00000000 00:00 0 
7f33f4000000-7f33f4021000 rw-p 00000000 00:00 0 
7f33f4021000-7f33f8000000 ---p 00000000 00:00 0 
7f33f8000000-7f33f8021000 rw-p 00000000 00:00 0 
7f33f8021000-7f33fc000000 ---p 00000000 00:00 0 
7f33fc000000-7f33fc021000 rw-p 00000000 00:00 0 
7f33fc021000-7f3400000000 ---p 00000000 00:00 0 
7f3400afc000-7f3400b00000 ---p 00000000 00:00 0 
7f3400b00000-7f3400bfd000 rw-p 00000000 00:00 0 
7f3400bfd000-7f3400c01000 ---p 00000000 00:00 0 
7f3400c01000-7f3400cfe000 rw-p 00000000 00:00 0 
7f3400cfe000-7f3400d02000 ---p 00000000 00:00 0 
7f3400d02000-7f3400eff000 rw-p 00000000 00:00 0 
7f3400eff000-7f3400fff000 ---p 00000000 00:00 0 
7f3400fff000-7f3404000000 rw-p 00000000 00:00 0 
7f3404000000-7f340417c000 rw-p 00000000 00:00 0 
7f340417c000-7f3408000000 ---p 00000000 00:00 0 
7f3408000000-7f3408021000 rw-p 00000000 00:00 0 
7f3408021000-7f340c000000 ---p 00000000 00:00 0 
7f340c000000-7f340c204000 rw-p 00000000 00:00 0 
7f340c204000-7f3410000000 ---p 00000000 00:00 0 
7f3410000000-7f3410158000 rw-p 00000000 00:00 0 
7f3410158000-7f3414000000 ---p 00000000 00:00 0 
7f3414000000-7f3414021000 rw-p 00000000 00:00 0 
7f3414021000-7f3418000000 ---p 00000000 00:00 0 
7f3418000000-7f3418021000 rw-p 00000000 00:00 0 
7f3418021000-7f341c000000 ---p 00000000 00:00 0 
7f341c000000-7f341c021000 rw-p 00000000 00:00 0 
7f341c021000-7f3420000000 ---p 00000000 00:00 0 
7f3420000000-7f3420021000 rw-p 00000000 00:00 0 
7f3420021000-7f3424000000 ---p 00000000 00:00 0 
7f3424000000-7f3424021000 rw-p 00000000 00:00 0 
7f3424021000-7f3428000000 ---p 00000000 00:00 0 
7f3428000000-7f3428021000 rw-p 00000000 00:00 0 
7f3428021000-7f342c000000 ---p 00000000 00:00 0 
7f342c0d2000-7f342c0d6000 ---p 00000000 00:00 0 
7f342c0d6000-7f342c1d3000 rw-p 00000000 00:00 0 
7f342c1d3000-7f342c1d7000 ---p 00000000 00:00 0 
7f342c1d7000-7f342c2d4000 rw-p 00000000 00:00 0 
7f342c2d4000-7f342c2d9000 r-xp 00000000 08:01 1191289                    /usr/lib/x86_64-linux-gnu/libXfixes.so.3.1.0
7f342c2d9000-7f342c4d8000 ---p 00005000 08:01 1191289                    /usr/lib/x86_64-linux-gnu/libXfixes.so.3.1.0
7f342c4d8000-7f342c4d9000 r--p 00004000 08:01 1191289                    /usr/lib/x86_64-linux-gnu/libXfixes.so.3.1.0
7f342c4d9000-7f342c4da000 rw-p 00005000 08:01 1191289                    /usr/lib/x86_64-linux-gnu/libXfixes.so.3.1.0
7f342c4da000-7f342c4e3000 r-xp 00000000 08:01 1192127                    /usr/lib/x86_64-linux-gnu/libXcursor.so.1.0.2
7f342c4e3000-7f342c6e2000 ---p 00009000 08:01 1192127                    /usr/lib/x86_64-linux-gnu/libXcursor.so.1.0.2
7f342c6e2000-7f342c6e3000 r--p 00008000 08:01 1192127                    /usr/lib/x86_64-linux-gnu/libXcursor.so.1.0.2
7f342c6e3000-7f342c6e4000 rw-p 00009000 08:01 1192127                    /usr/lib/x86_64-linux-gnu/libXcursor.so.1.0.2
7f342c6e4000-7f342c6e8000 ---p 00000000 00:00 0 
7f342c6e8000-7f342c7e5000 rw-p 00000000 00:00 0 
7f342c7e5000-7f342c809000 r-xp 00000000 08:01 786490                     /lib/x86_64-linux-gnu/libpng12.so.0.54.0
7f342c809000-7f342ca08000 ---p 00024000 08:01 786490                     /lib/x86_64-linux-gnu/libpng12.so.0.54.0
7f342ca08000-7f342ca09000 r--p 00023000 08:01 786490                     /lib/x86_64-linux-gnu/libpng12.so.0.54.0
7f342ca09000-7f342ca0a000 rw-p 00024000 08:01 786490                     /lib/x86_64-linux-gnu/libpng12.so.0.54.0
7f342ca0a000-7f342caae000 r-xp 00000000 08:01 1180583                    /usr/lib/x86_64-linux-gnu/libfreetype.so.6.12.1
7f342caae000-7f342ccad000 ---p 000a4000 08:01 1180583                    /usr/lib/x86_64-linux-gnu/libfreetype.so.6.12.1
7f342ccad000-7f342ccb3000 r--p 000a3000 08:01 1180583                    /usr/lib/x86_64-linux-gnu/libfreetype.so.6.12.1
7f342ccb3000-7f342ccb4000 rw-p 000a9000 08:01 1180583                    /usr/lib/x86_64-linux-gnu/libfreetype.so.6.12.1
7f342ccb4000-7f342cd7a000 r-xp 00000000 08:01 23836                      /usr/lib/jvm/java-9-openjdk-amd64/lib/amd64/libfontmanager.so
7f342cd7a000-7f342cf79000 ---p 000c6000 08:01 23836                      /usr/lib/jvm/java-9-openjdk-amd64/lib/amd64/libfontmanager.so
7f342cf79000-7f342cf7c000 r--p 000c5000 08:01 23836                      /usr/lib/jvm/java-9-openjdk-amd64/lib/amd64/libfontmanager.so
7f342cf7c000-7f342cf7d000 rw-p 000c8000 08:01 23836                      /usr/lib/jvm/java-9-openjdk-amd64/lib/amd64/libfontmanager.so
7f342cf7d000-7f342cf7e000 rw-p 00000000 00:00 0 
7f342cf7e000-7f342cf83000 r-xp 00000000 08:01 1191285                    /usr/lib/x86_64-linux-gnu/libXdmcp.so.6.0.0
7f342cf83000-7f342d182000 ---p 00005000 08:01 1191285                    /usr/lib/x86_64-linux-gnu/libXdmcp.so.6.0.0
7f342d182000-7f342d183000 r--p 00004000 08:01 1191285                    /usr/lib/x86_64-linux-gnu/libXdmcp.so.6.0.0
7f342d183000-7f342d184000 rw-p 00005000 08:01 1191285                    /usr/lib/x86_64-linux-gnu/libXdmcp.so.6.0.0
7f342d184000-7f342d186000 r-xp 00000000 08:01 1191274                    /usr/lib/x86_64-linux-gnu/libXau.so.6.0.0
7f342d186000-7f342d386000 ---p 00002000 08:01 1191274                    /usr/lib/x86_64-linux-gnu/libXau.so.6.0.0
7f342d386000-7f342d387000 r--p 00002000 08:01 1191274                    /usr/lib/x86_64-linux-gnu/libXau.so.6.0.0
7f342d387000-7f342d388000 rw-p 00003000 08:01 1191274                    /usr/lib/x86_64-linux-gnu/libXau.so.6.0.0
7f342d388000-7f342d3a9000 r-xp 00000000 08:01 1192652                    /usr/lib/x86_64-linux-gnu/libxcb.so.1.1.0
7f342d3a9000-7f342d5a8000 ---p 00021000 08:01 1192652                    /usr/lib/x86_64-linux-gnu/libxcb.so.1.1.0
7f342d5a8000-7f342d5a9000 r--p 00020000 08:01 1192652                    /usr/lib/x86_64-linux-gnu/libxcb.so.1.1.0
7f342d5a9000-7f342d5aa000 rw-p 00021000 08:01 1192652                    /usr/lib/x86_64-linux-gnu/libxcb.so.1.1.0
7f342d5aa000-7f342d5b9000 r-xp 00000000 08:01 1191295                    /usr/lib/x86_64-linux-gnu/libXi.so.6.1.0
7f342d5b9000-7f342d7b8000 ---p 0000f000 08:01 1191295                    /usr/lib/x86_64-linux-gnu/libXi.so.6.1.0
7f342d7b8000-7f342d7b9000 r--p 0000e000 08:01 1191295                    /usr/lib/x86_64-linux-gnu/libXi.so.6.1.0
7f342d7b9000-7f342d7ba000 rw-p 0000f000 08:01 1191295                    /usr/lib/x86_64-linux-gnu/libXi.so.6.1.0
7f342d7ba000-7f342d7bf000 r-xp 00000000 08:01 1191313                    /usr/lib/x86_64-linux-gnu/libXtst.so.6.1.0
7f342d7bf000-7f342d9be000 ---p 00005000 08:01 1191313                    /usr/lib/x86_64-linux-gnu/libXtst.so.6.1.0
7f342d9be000-7f342d9bf000 r--p 00004000 08:01 1191313                    /usr/lib/x86_64-linux-gnu/libXtst.so.6.1.0
7f342d9bf000-7f342d9c0000 rw-p 00005000 08:01 1191313                    /usr/lib/x86_64-linux-gnu/libXtst.so.6.1.0
7f342d9c0000-7f342d9c9000 r-xp 00000000 08:01 1191307                    /usr/lib/x86_64-linux-gnu/libXrender.so.1.3.0
7f342d9c9000-7f342dbc8000 ---p 00009000 08:01 1191307                    /usr/lib/x86_64-linux-gnu/libXrender.so.1.3.0
7f342dbc8000-7f342dbc9000 r--p 00008000 08:01 1191307                    /usr/lib/x86_64-linux-gnu/libXrender.so.1.3.0
7f342dbc9000-7f342dbca000 rw-p 00009000 08:01 1191307                    /usr/lib/x86_64-linux-gnu/libXrender.so.1.3.0
7f342dbca000-7f342dcff000 r-xp 00000000 08:01 1184851                    /usr/lib/x86_64-linux-gnu/libX11.so.6.3.0
7f342dcff000-7f342deff000 ---p 00135000 08:01 1184851                    /usr/lib/x86_64-linux-gnu/libX11.so.6.3.0
7f342deff000-7f342df00000 r--p 00135000 08:01 1184851                    /usr/lib/x86_64-linux-gnu/libX11.so.6.3.0
7f342df00000-7f342df04000 rw-p 00136000 08:01 1184851                    /usr/lib/x86_64-linux-gnu/libX11.so.6.3.0
7f342df04000-7f342df15000 r-xp 00000000 08:01 1191287                    /usr/lib/x86_64-linux-gnu/libXext.so.6.4.0
7f342df15000-7f342e114000 ---p 00011000 08:01 1191287                    /usr/lib/x86_64-linux-gnu/libXext.so.6.4.0
7f342e114000-7f342e115000 r--p 00010000 08:01 1191287                    /usr/lib/x86_64-linux-gnu/libXext.so.6.4.0
7f342e115000-7f342e116000 rw-p 00011000 08:01 1191287                    /usr/lib/x86_64-linux-gnu/libXext.so.6.4.0
7f342e116000-7f342e16d000 r-xp 00000000 08:01 23863                      /usr/lib/jvm/java-9-openjdk-amd64/lib/amd64/libawt_xawt.so
7f342e16d000-7f342e36d000 ---p 00057000 08:01 23863                      /usr/lib/jvm/java-9-openjdk-amd64/lib/amd64/libawt_xawt.so
7f342e36d000-7f342e36e000 r--p 00057000 08:01 23863                      /usr/lib/jvm/java-9-openjdk-amd64/lib/amd64/libawt_xawt.so
7f342e36e000-7f342e371000 rw-p 00058000 08:01 23863                      /usr/lib/jvm/java-9-openjdk-amd64/lib/amd64/libawt_xawt.so
7f342e371000-7f342e372000 rw-p 00000000 00:00 0 
7f342e372000-7f342e412000 r-xp 00000000 08:01 23835                      /usr/lib/jvm/java-9-openjdk-amd64/lib/amd64/libawt.so
7f342e412000-7f342e611000 ---p 000a0000 08:01 23835                      /usr/lib/jvm/java-9-openjdk-amd64/lib/amd64/libawt.so
7f342e611000-7f342e612000 r--p 0009f000 08:01 23835                      /usr/lib/jvm/java-9-openjdk-amd64/lib/amd64/libawt.so
7f342e612000-7f342e61d000 rw-p 000a0000 08:01 23835                      /usr/lib/jvm/java-9-openjdk-amd64/lib/amd64/libawt.so
7f342e61d000-7f342e642000 rw-p 00000000 00:00 0 
7f342e642000-7f342e643000 ---p 00000000 00:00 0 
7f342e643000-7f342e743000 rw-p 00000000 00:00 0 
7f342e743000-7f342e747000 ---p 00000000 00:00 0 
7f342e747000-7f342e844000 rw-p 00000000 00:00 0 
7f342e844000-7f342e848000 ---p 00000000 00:00 0 
7f342e848000-7f342e945000 rw-p 00000000 00:00 0 
7f342e945000-7f342e95b000 r-xp 00000000 08:01 23837                      /usr/lib/jvm/java-9-openjdk-amd64/lib/amd64/libnet.so
7f342e95b000-7f342eb5a000 ---p 00016000 08:01 23837                      /usr/lib/jvm/java-9-openjdk-amd64/lib/amd64/libnet.so
7f342eb5a000-7f342eb5b000 r--p 00015000 08:01 23837                      /usr/lib/jvm/java-9-openjdk-amd64/lib/amd64/libnet.so
7f342eb5b000-7f342eb5c000 rw-p 00016000 08:01 23837                      /usr/lib/jvm/java-9-openjdk-amd64/lib/amd64/libnet.so
7f342eb5c000-7f342eb6d000 r-xp 00000000 08:01 23864                      /usr/lib/jvm/java-9-openjdk-amd64/lib/amd64/libnio.so
7f342eb6d000-7f342ed6d000 ---p 00011000 08:01 23864                      /usr/lib/jvm/java-9-openjdk-amd64/lib/amd64/libnio.so
7f342ed6d000-7f342ed6e000 r--p 00011000 08:01 23864                      /usr/lib/jvm/java-9-openjdk-amd64/lib/amd64/libnio.so
7f342ed6e000-7f342ed6f000 rw-p 00012000 08:01 23864                      /usr/lib/jvm/java-9-openjdk-amd64/lib/amd64/libnio.so
7f342ed6f000-7f342ed73000 ---p 00000000 00:00 0 
7f342ed73000-7f342ee70000 rw-p 00000000 00:00 0 
7f342ee70000-7f342ee74000 ---p 00000000 00:00 0 
7f342ee74000-7f342ef71000 rw-p 00000000 00:00 0 
7f342ef71000-7f342ef75000 ---p 00000000 00:00 0 
7f342ef75000-7f342f072000 rw-p 00000000 00:00 0 
7f342f072000-7f342f076000 ---p 00000000 00:00 0 
7f342f076000-7f342f173000 rw-p 00000000 00:00 0 
7f342f173000-7f342f177000 ---p 00000000 00:00 0 
7f342f177000-7f342f274000 rw-p 00000000 00:00 0 
7f342f274000-7f342f278000 ---p 00000000 00:00 0 
7f342f278000-7f342f375000 rw-p 00000000 00:00 0 
7f342f375000-7f342f800000 r--p 00000000 08:01 1181951                    /usr/lib/locale/locale-archive
7f342f800000-7f3430000000 rw-p 00000000 00:00 0 
7f3430000000-7f3430021000 rw-p 00000000 00:00 0 
7f3430021000-7f3434000000 ---p 00000000 00:00 0 
7f343403f000-7f3434043000 ---p 00000000 00:00 0 
7f3434043000-7f3436238000 rw-p 00000000 00:00 0 
7f3436238000-7f34370a0000 ---p 00000000 00:00 0 
7f34370a0000-7f3437198000 rw-p 00000000 00:00 0 
7f3437198000-7f3438000000 ---p 00000000 00:00 0 
7f3438000000-7f3438021000 rw-p 00000000 00:00 0 
7f3438021000-7f343c000000 ---p 00000000 00:00 0 
7f343c000000-7f343c021000 rw-p 00000000 00:00 0 
7f343c021000-7f3440000000 ---p 00000000 00:00 0 
7f3440000000-7f3440021000 rw-p 00000000 00:00 0 
7f3440021000-7f3444000000 ---p 00000000 00:00 0 
7f3444000000-7f3444021000 rw-p 00000000 00:00 0 
7f3444021000-7f3448000000 ---p 00000000 00:00 0 
7f3448000000-7f3448021000 rw-p 00000000 00:00 0 
7f3448021000-7f344c000000 ---p 00000000 00:00 0 
7f344c000000-7f344c021000 rw-p 00000000 00:00 0 
7f344c021000-7f3450000000 ---p 00000000 00:00 0 
7f3450000000-7f3450021000 rw-p 00000000 00:00 0 
7f3450021000-7f3454000000 ---p 00000000 00:00 0 
7f3454000000-7f3454021000 rw-p 00000000 00:00 0 
7f3454021000-7f3458000000 ---p 00000000 00:00 0 
7f3458000000-7f3458021000 rw-p 00000000 00:00 0 
7f3458021000-7f345c000000 ---p 00000000 00:00 0 
7f345c025000-7f345c030000 r--s 00000000 08:01 140132                     /var/cache/fontconfig/945677eb7aeaf62f1d50efc3fb3ec7d8-le64.cache-6
7f345c030000-7f345c036000 r--s 00000000 08:01 140164                     /var/cache/fontconfig/2cd17615ca594fa2959ae173292e504c-le64.cache-6
7f345c036000-7f345c037000 r--s 00000000 08:01 140163                     /var/cache/fontconfig/0d8c3b2ac0904cb8a57a757ad11a4a08-le64.cache-6
7f345c037000-7f345c04c000 r--s 00000000 08:01 140162                     /var/cache/fontconfig/04aabc0a78ac019cf9454389977116d2-le64.cache-6
7f345c04c000-7f345c04d000 r--s 00000000 08:01 140161                     /var/cache/fontconfig/1ac9eb803944fde146138c791f5cc56a-le64.cache-6
7f345c04d000-7f345c051000 r--s 00000000 08:01 140160                     /var/cache/fontconfig/385c0604a188198f04d133e54aba7fe7-le64.cache-6
7f345c051000-7f345c052000 r--s 00000000 08:01 140159                     /var/cache/fontconfig/dc05db6664285cc2f12bf69c139ae4c3-le64.cache-6
7f345c052000-7f345c055000 r--s 00000000 08:01 140158                     /var/cache/fontconfig/767a8244fc0220cfb567a839d0392e0b-le64.cache-6
7f345c055000-7f345c056000 r--s 00000000 08:01 148047                     /var/cache/fontconfig/4794a0821666d79190d59a36cb4f44b5-le64.cache-6
7f345c056000-7f345c05b000 r--s 00000000 08:01 140156                     /var/cache/fontconfig/8801497958630a81b71ace7c5f9b32a8-le64.cache-6
7f345c05b000-7f345c05c000 r--s 00000000 08:01 140155                     /var/cache/fontconfig/bab58bb527bb656aaa9f116d68a48d89-le64.cache-6
7f345c05c000-7f345c063000 r--s 00000000 08:01 140154                     /var/cache/fontconfig/3047814df9a2f067bd2d96a2b9c36e5a-le64.cache-6
7f345c063000-7f345c064000 r--s 00000000 08:01 140153                     /var/cache/fontconfig/56cf4f4769d0f4abc89a4895d7bd3ae1-le64.cache-6
7f345c064000-7f345c06a000 r--s 00000000 08:01 140151                     /var/cache/fontconfig/b47c4e1ecd0709278f4910c18777a504-le64.cache-6
7f345c06a000-7f345c07d000 r--s 00000000 08:01 140150                     /var/cache/fontconfig/d52a8644073d54c13679302ca1180695-le64.cache-6
7f345c07d000-7f345c08a000 r--s 00000000 08:01 140147                     /var/cache/fontconfig/089dead882dea3570ffc31a9898cfb69-le64.cache-6
7f345c08a000-7f345c095000 r--s 00000000 08:01 140142                     /var/cache/fontconfig/83bf95040141907cd45bb53cf7c1c148-le64.cache-6
7f345c095000-7f345c099000 ---p 00000000 00:00 0 
7f345c099000-7f345c196000 rw-p 00000000 00:00 0 
7f345c196000-7f345c197000 ---p 00000000 00:00 0 
7f345c197000-7f345c794000 rw-p 00000000 00:00 0 
7f345c794000-7f345c795000 ---p 00000000 00:00 0 
7f345c795000-7f345c895000 rw-p 00000000 00:00 0 
7f345c895000-7f345c896000 ---p 00000000 00:00 0 
7f345c896000-7f345c9b5000 rw-p 00000000 00:00 0 
7f345c9b5000-7f345cb82000 ---p 00000000 00:00 0 
7f345cb82000-7f345cba1000 rw-p 00000000 00:00 0 
7f345cba1000-7f345cf5a000 ---p 00000000 00:00 0 
7f345cf5a000-7f345cf79000 rw-p 00000000 00:00 0 
7f345cf79000-7f345d146000 ---p 00000000 00:00 0 
7f345d146000-7f345d147000 ---p 00000000 00:00 0 
7f345d147000-7f345d247000 rw-p 00000000 00:00 0 
7f345d247000-7f345d248000 ---p 00000000 00:00 0 
7f345d248000-7f345d348000 rw-p 00000000 00:00 0 
7f345d348000-7f345d349000 ---p 00000000 00:00 0 
7f345d349000-7f345d449000 rw-p 00000000 00:00 0 
7f345d449000-7f345d44a000 ---p 00000000 00:00 0 
7f345d44a000-7f345d54a000 rw-p 00000000 00:00 0 
7f345d54a000-7f345d54b000 ---p 00000000 00:00 0 
7f345d54b000-7f345da4f000 rw-p 00000000 00:00 0 
7f345da4f000-7f345da50000 ---p 00000000 00:00 0 
7f345da50000-7f345db50000 rw-p 00000000 00:00 0 
7f345db50000-7f345db51000 ---p 00000000 00:00 0 
7f345db51000-7f345dc51000 rw-p 00000000 00:00 0 
7f345dc51000-7f345dec1000 rwxp 00000000 00:00 0 
7f345dec1000-7f345e1e1000 ---p 00000000 00:00 0 
7f345e1e1000-7f345e451000 rwxp 00000000 00:00 0 
7f345e451000-7f3465719000 ---p 00000000 00:00 0 
7f3465719000-7f3465989000 rwxp 00000000 00:00 0 
7f3465989000-7f346cc51000 ---p 00000000 00:00 0 
7f346cc51000-7f3474000000 r--s 00000000 08:01 23821                      /usr/lib/jvm/java-9-openjdk-amd64/lib/modules
7f3474000000-7f347499f000 rw-p 00000000 00:00 0 
7f347499f000-7f3478000000 ---p 00000000 00:00 0 
7f3478000000-7f3478001000 r--s 00000000 08:01 140152                     /var/cache/fontconfig/b9d506c9ac06c20b433354fa67a72993-le64.cache-6
7f3478001000-7f3478002000 r--s 00000000 08:01 140149                     /var/cache/fontconfig/551ecf3b0e8b0bca0f25c0944f561853-le64.cache-6
7f3478002000-7f3478006000 r--s 00000000 08:01 140148                     /var/cache/fontconfig/d589a48862398ed80a3d6066f4f56f4c-le64.cache-6
7f3478006000-7f3478007000 r--s 00000000 08:01 140146                     /var/cache/fontconfig/30829fa25452a46451e813d634d7f916-le64.cache-6
7f3478007000-7f347800a000 r--s 00000000 08:01 140143                     /var/cache/fontconfig/75114ca45c98e8a441da0ff356701271-le64.cache-6
7f347800a000-7f347801c000 r--s 00000000 08:01 140141                     /var/cache/fontconfig/9b89f8e3dae116d678bbf48e5f21f69b-le64.cache-6
7f347801c000-7f347801f000 r--s 00000000 08:01 134377                     /var/cache/fontconfig/e13b20fdb08344e0e664864cc2ede53d-le64.cache-6
7f347801f000-7f3478023000 r--s 00000000 08:01 140127                     /var/cache/fontconfig/7ef2298fde41cc6eeb7af42e48b7d293-le64.cache-6
7f3478023000-7f347809f000 rw-p 00000000 00:00 0 
7f347809f000-7f34780a0000 ---p 00000000 00:00 0 
7f34780a0000-7f34781a0000 rw-p 00000000 00:00 0 
7f34781a0000-7f34781a1000 ---p 00000000 00:00 0 
7f34781a1000-7f34782a6000 rw-p 00000000 00:00 0 
7f34782a6000-7f347838c000 ---p 00000000 00:00 0 
7f347838c000-7f3478391000 rw-p 00000000 00:00 0 
7f3478391000-7f3478477000 ---p 00000000 00:00 0 
7f3478477000-7f347847c000 r-xp 00000000 08:01 23851                      /usr/lib/jvm/java-9-openjdk-amd64/lib/amd64/libjimage.so
7f347847c000-7f347867b000 ---p 00005000 08:01 23851                      /usr/lib/jvm/java-9-openjdk-amd64/lib/amd64/libjimage.so
7f347867b000-7f347867c000 r--p 00004000 08:01 23851                      /usr/lib/jvm/java-9-openjdk-amd64/lib/amd64/libjimage.so
7f347867c000-7f347867d000 rw-p 00005000 08:01 23851                      /usr/lib/jvm/java-9-openjdk-amd64/lib/amd64/libjimage.so
7f347867d000-7f3478684000 r-xp 00000000 08:01 23847                      /usr/lib/jvm/java-9-openjdk-amd64/lib/amd64/libzip.so
7f3478684000-7f3478883000 ---p 00007000 08:01 23847                      /usr/lib/jvm/java-9-openjdk-amd64/lib/amd64/libzip.so
7f3478883000-7f3478884000 r--p 00006000 08:01 23847                      /usr/lib/jvm/java-9-openjdk-amd64/lib/amd64/libzip.so
7f3478884000-7f3478885000 rw-p 00007000 08:01 23847                      /usr/lib/jvm/java-9-openjdk-amd64/lib/amd64/libzip.so
7f3478885000-7f3478890000 r-xp 00000000 08:01 792182                     /lib/x86_64-linux-gnu/libnss_files-2.23.so
7f3478890000-7f3478a8f000 ---p 0000b000 08:01 792182                     /lib/x86_64-linux-gnu/libnss_files-2.23.so
7f3478a8f000-7f3478a90000 r--p 0000a000 08:01 792182                     /lib/x86_64-linux-gnu/libnss_files-2.23.so
7f3478a90000-7f3478a91000 rw-p 0000b000 08:01 792182                     /lib/x86_64-linux-gnu/libnss_files-2.23.so
7f3478a91000-7f3478a97000 rw-p 00000000 00:00 0 
7f3478a97000-7f3478aa2000 r-xp 00000000 08:01 792186                     /lib/x86_64-linux-gnu/libnss_nis-2.23.so
7f3478aa2000-7f3478ca1000 ---p 0000b000 08:01 792186                     /lib/x86_64-linux-gnu/libnss_nis-2.23.so
7f3478ca1000-7f3478ca2000 r--p 0000a000 08:01 792186                     /lib/x86_64-linux-gnu/libnss_nis-2.23.so
7f3478ca2000-7f3478ca3000 rw-p 0000b000 08:01 792186                     /lib/x86_64-linux-gnu/libnss_nis-2.23.so
7f3478ca3000-7f3478cb9000 r-xp 00000000 08:01 792162                     /lib/x86_64-linux-gnu/libnsl-2.23.so
7f3478cb9000-7f3478eb8000 ---p 00016000 08:01 792162                     /lib/x86_64-linux-gnu/libnsl-2.23.so
7f3478eb8000-7f3478eb9000 r--p 00015000 08:01 792162                     /lib/x86_64-linux-gnu/libnsl-2.23.so
7f3478eb9000-7f3478eba000 rw-p 00016000 08:01 792162                     /lib/x86_64-linux-gnu/libnsl-2.23.so
7f3478eba000-7f3478ebc000 rw-p 00000000 00:00 0 
7f3478ebc000-7f3478ec4000 r-xp 00000000 08:01 792177                     /lib/x86_64-linux-gnu/libnss_compat-2.23.so
7f3478ec4000-7f34790c3000 ---p 00008000 08:01 792177                     /lib/x86_64-linux-gnu/libnss_compat-2.23.so
7f34790c3000-7f34790c4000 r--p 00007000 08:01 792177                     /lib/x86_64-linux-gnu/libnss_compat-2.23.so
7f34790c4000-7f34790c5000 rw-p 00008000 08:01 792177                     /lib/x86_64-linux-gnu/libnss_compat-2.23.so
7f34790c5000-7f34790f0000 r-xp 00000000 08:01 23830                      /usr/lib/jvm/java-9-openjdk-amd64/lib/amd64/libjava.so
7f34790f0000-7f34792ef000 ---p 0002b000 08:01 23830                      /usr/lib/jvm/java-9-openjdk-amd64/lib/amd64/libjava.so
7f34792ef000-7f34792f0000 r--p 0002a000 08:01 23830                      /usr/lib/jvm/java-9-openjdk-amd64/lib/amd64/libjava.so
7f34792f0000-7f34792f2000 rw-p 0002b000 08:01 23830                      /usr/lib/jvm/java-9-openjdk-amd64/lib/amd64/libjava.so
7f34792f2000-7f34792ff000 r-xp 00000000 08:01 23831                      /usr/lib/jvm/java-9-openjdk-amd64/lib/amd64/libverify.so
7f34792ff000-7f34794fe000 ---p 0000d000 08:01 23831                      /usr/lib/jvm/java-9-openjdk-amd64/lib/amd64/libverify.so
7f34794fe000-7f3479500000 r--p 0000c000 08:01 23831                      /usr/lib/jvm/java-9-openjdk-amd64/lib/amd64/libverify.so
7f3479500000-7f3479501000 rw-p 0000e000 08:01 23831                      /usr/lib/jvm/java-9-openjdk-amd64/lib/amd64/libverify.so
7f3479501000-7f3479508000 r-xp 00000000 08:01 792187                     /lib/x86_64-linux-gnu/librt-2.23.so
7f3479508000-7f3479707000 ---p 00007000 08:01 792187                     /lib/x86_64-linux-gnu/librt-2.23.so
7f3479707000-7f3479708000 r--p 00006000 08:01 792187                     /lib/x86_64-linux-gnu/librt-2.23.so
7f3479708000-7f3479709000 rw-p 00007000 08:01 792187                     /lib/x86_64-linux-gnu/librt-2.23.so
7f3479709000-7f347971f000 r-xp 00000000 08:01 791889                     /lib/x86_64-linux-gnu/libgcc_s.so.1
7f347971f000-7f347991e000 ---p 00016000 08:01 791889                     /lib/x86_64-linux-gnu/libgcc_s.so.1
7f347991e000-7f347991f000 rw-p 00015000 08:01 791889                     /lib/x86_64-linux-gnu/libgcc_s.so.1
7f347991f000-7f3479a27000 r-xp 00000000 08:01 786792                     /lib/x86_64-linux-gnu/libm-2.23.so
7f3479a27000-7f3479c26000 ---p 00108000 08:01 786792                     /lib/x86_64-linux-gnu/libm-2.23.so
7f3479c26000-7f3479c27000 r--p 00107000 08:01 786792                     /lib/x86_64-linux-gnu/libm-2.23.so
7f3479c27000-7f3479c28000 rw-p 00108000 08:01 786792                     /lib/x86_64-linux-gnu/libm-2.23.so
7f3479c28000-7f3479d9a000 r-xp 00000000 08:01 1181895                    /usr/lib/x86_64-linux-gnu/libstdc++.so.6.0.21
7f3479d9a000-7f3479f9a000 ---p 00172000 08:01 1181895                    /usr/lib/x86_64-linux-gnu/libstdc++.so.6.0.21
7f3479f9a000-7f3479fa4000 r--p 00172000 08:01 1181895                    /usr/lib/x86_64-linux-gnu/libstdc++.so.6.0.21
7f3479fa4000-7f3479fa6000 rw-p 0017c000 08:01 1181895                    /usr/lib/x86_64-linux-gnu/libstdc++.so.6.0.21
7f3479fa6000-7f3479faa000 rw-p 00000000 00:00 0 
7f3479faa000-7f347ae08000 r-xp 00000000 08:01 23844                      /usr/lib/jvm/java-9-openjdk-amd64/lib/amd64/server/libjvm.so
7f347ae08000-7f347b008000 ---p 00e5e000 08:01 23844                      /usr/lib/jvm/java-9-openjdk-amd64/lib/amd64/server/libjvm.so
7f347b008000-7f347b0ba000 r--p 00e5e000 08:01 23844                      /usr/lib/jvm/java-9-openjdk-amd64/lib/amd64/server/libjvm.so
7f347b0ba000-7f347b0ec000 rw-p 00f10000 08:01 23844                      /usr/lib/jvm/java-9-openjdk-amd64/lib/amd64/server/libjvm.so
7f347b0ec000-7f347b131000 rw-p 00000000 00:00 0 
7f347b131000-7f347b149000 r-xp 00000000 08:01 792164                     /lib/x86_64-linux-gnu/libpthread-2.23.so
7f347b149000-7f347b348000 ---p 00018000 08:01 792164                     /lib/x86_64-linux-gnu/libpthread-2.23.so
7f347b348000-7f347b349000 r--p 00017000 08:01 792164                     /lib/x86_64-linux-gnu/libpthread-2.23.so
7f347b349000-7f347b34a000 rw-p 00018000 08:01 792164                     /lib/x86_64-linux-gnu/libpthread-2.23.so
7f347b34a000-7f347b34e000 rw-p 00000000 00:00 0 
7f347b34e000-7f347b351000 r-xp 00000000 08:01 792167                     /lib/x86_64-linux-gnu/libdl-2.23.so
7f347b351000-7f347b550000 ---p 00003000 08:01 792167                     /lib/x86_64-linux-gnu/libdl-2.23.so
7f347b550000-7f347b551000 r--p 00002000 08:01 792167                     /lib/x86_64-linux-gnu/libdl-2.23.so
7f347b551000-7f347b552000 rw-p 00003000 08:01 792167                     /lib/x86_64-linux-gnu/libdl-2.23.so
7f347b552000-7f347b56b000 r-xp 00000000 08:01 792042                     /lib/x86_64-linux-gnu/libz.so.1.2.8
7f347b56b000-7f347b76a000 ---p 00019000 08:01 792042                     /lib/x86_64-linux-gnu/libz.so.1.2.8
7f347b76a000-7f347b76b000 r--p 00018000 08:01 792042                     /lib/x86_64-linux-gnu/libz.so.1.2.8
7f347b76b000-7f347b76c000 rw-p 00019000 08:01 792042                     /lib/x86_64-linux-gnu/libz.so.1.2.8
7f347b76c000-7f347b92c000 r-xp 00000000 08:01 792165                     /lib/x86_64-linux-gnu/libc-2.23.so
7f347b92c000-7f347bb2c000 ---p 001c0000 08:01 792165                     /lib/x86_64-linux-gnu/libc-2.23.so
7f347bb2c000-7f347bb30000 r--p 001c0000 08:01 792165                     /lib/x86_64-linux-gnu/libc-2.23.so
7f347bb30000-7f347bb32000 rw-p 001c4000 08:01 792165                     /lib/x86_64-linux-gnu/libc-2.23.so
7f347bb32000-7f347bb36000 rw-p 00000000 00:00 0 
7f347bb36000-7f347bb44000 r-xp 00000000 08:01 23861                      /usr/lib/jvm/java-9-openjdk-amd64/lib/amd64/jli/libjli.so
7f347bb44000-7f347bd43000 ---p 0000e000 08:01 23861                      /usr/lib/jvm/java-9-openjdk-amd64/lib/amd64/jli/libjli.so
7f347bd43000-7f347bd44000 r--p 0000d000 08:01 23861                      /usr/lib/jvm/java-9-openjdk-amd64/lib/amd64/jli/libjli.so
7f347bd44000-7f347bd45000 rw-p 0000e000 08:01 23861                      /usr/lib/jvm/java-9-openjdk-amd64/lib/amd64/jli/libjli.so
7f347bd45000-7f347bd6b000 r-xp 00000000 08:01 792163                     /lib/x86_64-linux-gnu/ld-2.23.so
7f347bd6b000-7f347bd8c000 r--p 00000000 08:01 146857                     /usr/share/locale-langpack/zh_CN/LC_MESSAGES/libc.mo
7f347bd8c000-7f347be46000 rw-p 00000000 00:00 0 
7f347be46000-7f347be4a000 ---p 00000000 00:00 0 
7f347be4a000-7f347bf4b000 rw-p 00000000 00:00 0 
7f347bf4b000-7f347bf4c000 r--s 00000000 08:01 140145                     /var/cache/fontconfig/0c9eb80ebd1c36541ebe2852d3bb0c49-le64.cache-6
7f347bf4c000-7f347bf53000 r--s 00000000 08:01 4544                       /usr/lib/x86_64-linux-gnu/gconv/gconv-modules.cache
7f347bf53000-7f347bf58000 rw-p 00000000 00:00 0 
7f347bf58000-7f347bf5f000 ---p 00000000 00:00 0 
7f347bf5f000-7f347bf67000 rw-s 00000000 08:01 573111                     /tmp/hsperfdata_python/34508
7f347bf67000-7f347bf68000 rw-p 00000000 00:00 0 
7f347bf68000-7f347bf69000 r--p 00000000 00:00 0 
7f347bf69000-7f347bf6a000 rw-p 00000000 00:00 0 
7f347bf6a000-7f347bf6b000 r--p 00025000 08:01 792163                     /lib/x86_64-linux-gnu/ld-2.23.so
7f347bf6b000-7f347bf6c000 rw-p 00026000 08:01 792163                     /lib/x86_64-linux-gnu/ld-2.23.so
7f347bf6c000-7f347bf6d000 rw-p 00000000 00:00 0 
7fffc282e000-7fffc284f000 rw-p 00000000 00:00 0                          [stack]
7fffc289c000-7fffc289e000 r--p 00000000 00:00 0                          [vvar]
7fffc289e000-7fffc28a0000 r-xp 00000000 00:00 0                          [vdso]
ffffffffff600000-ffffffffff601000 r-xp 00000000 00:00 0                  [vsyscall]

VM Arguments:
java_command: AwtDemo
java_class_path (initial): .
Launcher Type: SUN_STANDARD

Environment Variables:
PATH=/usr/local/sbin:/usr/local/bin:/usr/sbin:/usr/bin:/sbin:/bin:/usr/games:/usr/local/games:/snap/bin:/home/python/Downloads/node-v6.1.0-linux-x64/bin
SHELL=/bin/bash
DISPLAY=:0

Signal Handlers:
SIGSEGV: [libjvm.so+0xc12c20], sa_mask[0]=11111111011111111101111111111110, sa_flags=SA_RESTART|SA_SIGINFO
SIGBUS: [libjvm.so+0xc12c20], sa_mask[0]=11111111011111111101111111111110, sa_flags=SA_RESTART|SA_SIGINFO
SIGFPE: [libjvm.so+0xc12c20], sa_mask[0]=11111111011111111101111111111110, sa_flags=SA_RESTART|SA_SIGINFO
SIGPIPE: [libjvm.so+0xa3b600], sa_mask[0]=11111111011111111101111111111110, sa_flags=SA_RESTART|SA_SIGINFO
SIGXFSZ: [libjvm.so+0xa3b600], sa_mask[0]=11111111011111111101111111111110, sa_flags=SA_RESTART|SA_SIGINFO
SIGILL: [libjvm.so+0xc12c20], sa_mask[0]=11111111011111111101111111111110, sa_flags=SA_RESTART|SA_SIGINFO
SIGUSR2: [libjvm.so+0xa3b4a0], sa_mask[0]=00000000000000000000000000000000, sa_flags=SA_RESTART|SA_SIGINFO
SIGHUP: [libjvm.so+0xa3b870], sa_mask[0]=11111111011111111101111111111110, sa_flags=SA_RESTART|SA_SIGINFO
SIGINT: [libjvm.so+0xa3b870], sa_mask[0]=11111111011111111101111111111110, sa_flags=SA_RESTART|SA_SIGINFO
SIGTERM: [libjvm.so+0xa3b870], sa_mask[0]=11111111011111111101111111111110, sa_flags=SA_RESTART|SA_SIGINFO
SIGQUIT: [libjvm.so+0xa3b870], sa_mask[0]=11111111011111111101111111111110, sa_flags=SA_RESTART|SA_SIGINFO


---------------  S Y S T E M  ---------------

OS:DISTRIB_ID=Ubuntu
DISTRIB_RELEASE=16.04
DISTRIB_CODENAME=xenial
DISTRIB_DESCRIPTION="Ubuntu 16.04.2 LTS"
uname:Linux 4.4.0-31-generic #50-Ubuntu SMP Wed Jul 13 00:07:12 UTC 2016 x86_64
libc:glibc 2.23 NPTL 2.23 
rlimit: STACK 8192k, CORE 0k, NPROC 15581, NOFILE 1048576, AS infinity
load average:0.09 0.06 0.01

/proc/meminfo:
MemTotal:        4028884 kB
MemFree:          267976 kB
MemAvailable:    1911100 kB
Buffers:          440828 kB
Cached:          1379020 kB
SwapCached:         2144 kB
Active:          1793200 kB
Inactive:        1182304 kB
Active(anon):     763644 kB
Inactive(anon):   463960 kB
Active(file):    1029556 kB
Inactive(file):   718344 kB
Unevictable:          16 kB
Mlocked:              16 kB
SwapTotal:       4192252 kB
SwapFree:        4172816 kB
Dirty:               196 kB
Writeback:             0 kB
AnonPages:       1153856 kB
Mapped:           346588 kB
Shmem:             71876 kB
Slab:             257468 kB
SReclaimable:     184780 kB
SUnreclaim:        72688 kB
KernelStack:       11712 kB
PageTables:        33812 kB
NFS_Unstable:          0 kB
Bounce:                0 kB
WritebackTmp:          0 kB
CommitLimit:     6206692 kB
Committed_AS:    4970360 kB
VmallocTotal:   34359738367 kB
VmallocUsed:           0 kB
VmallocChunk:          0 kB
HardwareCorrupted:     0 kB
AnonHugePages:    692224 kB
CmaTotal:              0 kB
CmaFree:               0 kB
HugePages_Total:       0
HugePages_Free:        0
HugePages_Rsvd:        0
HugePages_Surp:        0
Hugepagesize:       2048 kB
DirectMap4k:      223040 kB
DirectMap2M:     3971072 kB
DirectMap1G:     2097152 kB


CPU:total 4 (4 cores per cpu, 1 threads per core) family 6 model 60 stepping 3, cmov, cx8, fxsr, mmx, sse, sse2, sse3, ssse3, sse4.1, sse4.2, popcnt, avx, avx2, aes, clmul, erms, lzcnt, tsc, tscinvbit, bmi1, bmi2

CPU Model and flags from /proc/cpuinfo:
model name	: Intel(R) Core(TM) i7-4790K CPU @ 4.00GHz
flags		: fpu vme de pse tsc msr pae mce cx8 apic sep mtrr pge mca cmov pat pse36 clflush dts mmx fxsr sse sse2 ss ht syscall nx pdpe1gb rdtscp lm constant_tsc arch_perfmon pebs bts nopl xtopology tsc_reliable nonstop_tsc aperfmperf eagerfpu pni pclmulqdq ssse3 fma cx16 pcid sse4_1 sse4_2 x2apic movbe popcnt tsc_deadline_timer aes xsave avx f16c rdrand hypervisor lahf_lm abm fsgsbase tsc_adjust bmi1 avx2 smep bmi2 invpcid xsaveopt dtherm ida arat pln pts

Memory: 4k page, physical 4028884k(267976k free), swap 4192252k(4172816k free)

vm_info: OpenJDK 64-Bit Server VM (9-internal+0-2016-04-14-195246.buildd.src) for linux-amd64 JRE (9-internal+0-2016-04-14-195246.buildd.src), built on Apr 14 2016 20:05:37 by "buildd" with gcc 5.3.1 20160413

END.
