#
# A fatal error has been detected by the Java Runtime Environment:
#
#  SIGSEGV (0xb) at pc=0x00007fd29cc5e009, pid=34640, tid=34641
#
# JRE version: OpenJDK Runtime Environment (9.0) (build 9-internal+0-2016-04-14-195246.buildd.src)
# Java VM: OpenJDK 64-Bit Server VM (9-internal+0-2016-04-14-195246.buildd.src, mixed mode, tiered, compressed oops, g1 gc, linux-amd64)
# Problematic frame:
# C  [libjava.so+0x1d009]  JNU_GetEnv+0x19
#
# Core dump will be written. Default location: Core dumps may be processed with "/usr/share/apport/apport %p %s %c %d %P" (or dumping to /home/python/Desktop/JAVA/core.34640)
#
# If you would like to submit a bug report, please visit:
#   http://bugreport.java.com/bugreport/crash.jsp
# The crash happened outside the Java Virtual Machine in native code.
# See problematic frame for where to report the bug.
#

---------------  S U M M A R Y ------------

Command Line: AwtDemo

Host: Intel(R) Core(TM) i7-4790K CPU @ 4.00GHz, 4 cores, 3G, Ubuntu 16.04.2 LTS
Time: Fri May 24 16:12:59 2019 CST elapsed time: 0 seconds (0d 0h 0m 0s)

---------------  T H R E A D  ---------------

Current thread (0x00007fd298010800):  JavaThread "main" [_thread_in_native, id=34641, stack(0x00007fd29f9c2000,0x00007fd29fac3000)]

Stack: [0x00007fd29f9c2000,0x00007fd29fac3000],  sp=0x00007fd29fac0110,  free space=1016k
Native frames: (J=compiled Java code, j=interpreted, Vv=VM code, C=native code)
C  [libjava.so+0x1d009]  JNU_GetEnv+0x19
C  [libfontmanager.so+0x33f8e]
C  [libfreetype.so.6+0x14d2b]  FT_Stream_Seek+0x1b

Java frames: (J=compiled Java code, j=interpreted, Vv=VM code)
j  sun.font.FreetypeFontScaler.initNativeScaler(Lsun/font/Font2D;IIZI)J+0 java.desktop@9-internal
j  sun.font.FreetypeFontScaler.<init>(Lsun/font/Font2D;IZI)V+26 java.desktop@9-internal
v  ~StubRoutines::call_stub
j  sun.reflect.NativeConstructorAccessorImpl.newInstance0(Ljava/lang/reflect/Constructor;[Ljava/lang/Object;)Ljava/lang/Object;+0 java.base@9-internal
j  sun.reflect.NativeConstructorAccessorImpl.newInstance([Ljava/lang/Object;)Ljava/lang/Object;+85 java.base@9-internal
j  sun.reflect.DelegatingConstructorAccessorImpl.newInstance([Ljava/lang/Object;)Ljava/lang/Object;+5 java.base@9-internal
j  java.lang.reflect.Constructor.newInstance([Ljava/lang/Object;)Ljava/lang/Object;+65 java.base@9-internal
j  sun.font.FontScaler.getScaler(Lsun/font/Font2D;IZI)Lsun/font/FontScaler;+39 java.desktop@9-internal
j  sun.font.TrueTypeFont.getScaler()Lsun/font/FontScaler;+21 java.desktop@9-internal
j  sun.font.FileFontStrike.<init>(Lsun/font/FileFont;Lsun/font/FontStrikeDesc;)V+204 java.desktop@9-internal
j  sun.font.FileFont.createStrike(Lsun/font/FontStrikeDesc;)Lsun/font/FontStrike;+18 java.desktop@9-internal
j  sun.font.Font2D.getStrike(Lsun/font/FontStrikeDesc;Z)Lsun/font/FontStrike;+92 java.desktop@9-internal
j  sun.font.Font2D.getStrike(Lsun/font/FontStrikeDesc;)Lsun/font/FontStrike;+3 java.desktop@9-internal
j  sun.font.CompositeStrike.getStrikeForSlot(I)Lsun/font/PhysicalStrike;+23 java.desktop@9-internal
j  sun.font.CompositeStrike.getFontMetrics()Lsun/font/StrikeMetrics;+31 java.desktop@9-internal
j  sun.font.FontDesignMetrics.initMatrixAndMetrics()V+28 java.desktop@9-internal
j  sun.font.FontDesignMetrics.<init>(Ljava/awt/Font;Ljava/awt/font/FontRenderContext;)V+62 java.desktop@9-internal
j  sun.font.FontDesignMetrics.getMetrics(Ljava/awt/Font;Ljava/awt/font/FontRenderContext;)Lsun/font/FontDesignMetrics;+128 java.desktop@9-internal
j  sun.font.FontDesignMetrics.getMetrics(Ljava/awt/Font;)Lsun/font/FontDesignMetrics;+4 java.desktop@9-internal
j  sun.awt.X11.XComponentPeer.getFontMetrics(Ljava/awt/Font;)Ljava/awt/FontMetrics;+25 java.desktop@9-internal
j  sun.awt.X11.XButtonPeer.getMinimumSize()Ljava/awt/Dimension;+5 java.desktop@9-internal
j  sun.awt.X11.XComponentPeer.getPreferredSize()Ljava/awt/Dimension;+1 java.desktop@9-internal
j  java.awt.Component.preferredSize()Ljava/awt/Dimension;+42 java.desktop@9-internal
j  java.awt.Component.getPreferredSize()Ljava/awt/Dimension;+1 java.desktop@9-internal
j  java.awt.FlowLayout.layoutContainer(Ljava/awt/Container;)V+127 java.desktop@9-internal
j  java.awt.Container.layout()V+11 java.desktop@9-internal
j  java.awt.Container.doLayout()V+1 java.desktop@9-internal
j  java.awt.Container.validateTree()V+47 java.desktop@9-internal
j  java.awt.Container.validate()V+60 java.desktop@9-internal
j  java.awt.Container.validateUnconditionally()V+14 java.desktop@9-internal
j  java.awt.Window.show()V+12 java.desktop@9-internal
j  java.awt.Component.show(Z)V+5 java.desktop@9-internal
j  java.awt.Component.setVisible(Z)V+2 java.desktop@9-internal
j  java.awt.Window.setVisible(Z)V+2 java.desktop@9-internal
j  AwtDemo.main([Ljava/lang/String;)V+59
v  ~StubRoutines::call_stub

siginfo: si_signo: 11 (SIGSEGV), si_code: 1 (SEGV_MAPERR), si_addr: 0x0000000000000000

Register to memory mapping:

RAX=0x0000000000000000 is an unknown value
RBX=0x0000000000000000 is an unknown value
RCX=0x0000000000000000 is an unknown value
RDX=0x0000000000010002 is an unknown value
RSP=0x00007fd29fac0110 is pointing into the stack for thread: 0x00007fd298010800
RBP=0x00007fd29fac0120 is pointing into the stack for thread: 0x00007fd298010800
RSI=0x0000000000010002 is an unknown value
RDI=0x0000000000000000 is an unknown value
R8 =0x0000000000000000 is an unknown value
R9 =0x0000000000000000 is an unknown value
R10=0x00000000000001db is an unknown value
R11=0x00007fd29cc5dff0: JNU_GetEnv+0x0000000000000000 in /usr/lib/jvm/java-9-openjdk-amd64/lib/amd64/libjava.so at 0x00007fd29cc41000
R12=0x00007fd2982f8f70 is an unknown value
R13=0x0000000000000000 is an unknown value
R14=0x0000000000000000 is an unknown value
R15=0x00007fd2982f9ef0 is an unknown value


Registers:
RAX=0x0000000000000000, RBX=0x0000000000000000, RCX=0x0000000000000000, RDX=0x0000000000010002
RSP=0x00007fd29fac0110, RBP=0x00007fd29fac0120, RSI=0x0000000000010002, RDI=0x0000000000000000
R8 =0x0000000000000000, R9 =0x0000000000000000, R10=0x00000000000001db, R11=0x00007fd29cc5dff0
R12=0x00007fd2982f8f70, R13=0x0000000000000000, R14=0x0000000000000000, R15=0x00007fd2982f9ef0
RIP=0x00007fd29cc5e009, EFLAGS=0x0000000000010246, CSGSFS=0x0000000000000033, ERR=0x0000000000000004
  TRAPNO=0x000000000000000e

Top of Stack: (sp=0x00007fd29fac0110)
0x00007fd29fac0110:   0000000000000000 d40d0e07608e3b00
0x00007fd29fac0120:   00007fd29fac0160 00007fd250913f8e
0x00007fd29fac0130:   00007fd2982f9320 00007fd2982f8f70
0x00007fd29fac0140:   0000000000000000 0000000000000000
0x00007fd29fac0150:   00007fd2982f8f70 00007fd2982f9ef0
0x00007fd29fac0160:   0000000000000000 00007fd25064ad2b
0x00007fd29fac0170:   0000000000000000 00007fd2508dcd80
0x00007fd29fac0180:   0000000000000000 00007fd25065e8e0
0x00007fd29fac0190:   0000000000000002 0000003200000008
0x00007fd29fac01a0:   0000000000000000 0000000000000000
0x00007fd29fac01b0:   0000006e0000005b 0000000000000000
0x00007fd29fac01c0:   0000000000000000 0000007c00000077
0x00007fd29fac01d0:   0000000000000000 0000000000000000
0x00007fd29fac01e0:   000000004e8b41d0 468b41e04e8b45e8
0x00007fd29fac01f0:   0000000000000000 00007fd298000020
0x00007fd29fac0200:   0000000000000070 00007fd29fac02b4
0x00007fd29fac0210:   00007fd2982f9320 00007fd2982f9ef0
0x00007fd29fac0220:   00007fd29fac02b4 00007fd29f36c184
0x00007fd29fac0230:   00007fd29fac0380 00007fd29fac0264
0x00007fd29fac0240:   00007fd2508d99e0 d40d0e07608e3b00
0x00007fd29fac0250:   0000000000000070 00007fd2982f9160
0x00007fd29fac0260:   00007fd2508d99e0 00007fd29fac0378
0x00007fd29fac0270:   00007fd2982f9320 00007fd2982f9ef0
0x00007fd29fac0280:   00007fd2982fa420 00007fd25064d4c2
0x00007fd29fac0290:   0000000100000000 00007fd29fac0380
0x00007fd29fac02a0:   0000000000000000 0000000000000000
0x00007fd29fac02b0:   000000009fac0378 d40d0e07608e3b00
0x00007fd29fac02c0:   00007fd2982f9160 00007fd29fac0380
0x00007fd29fac02d0:   0000000000000000 00007fd2982f9248
0x00007fd29fac02e0:   00007fd29fac0580 00007fd2982f91a8
0x00007fd29fac02f0:   00007fd2982f9320 00007fd25064f581
0x00007fd29fac0300:   00007fd29fac0380 00007fd25064f376 

Instructions: (pc=0x00007fd29cc5e009)
0x00007fd29cc5dfe9:   ff eb ea 0f 1f 40 00 55 89 f2 48 89 e5 48 83 ec
0x00007fd29cc5dff9:   10 64 48 8b 04 25 28 00 00 00 48 89 45 f8 31 c0
0x00007fd29cc5e009:   48 8b 07 48 8d 75 f0 ff 50 30 48 8b 4d f8 64 48
0x00007fd29cc5e019:   33 0c 25 28 00 00 00 48 8b 45 f0 75 02 c9 c3 e8 


---------------  P R O C E S S  ---------------

Java Threads: ( => current thread )
  0x00007fd2982d8000 JavaThread "AWT-Shutdown" [_thread_blocked, id=34667, stack(0x00007fd224cf8000,0x00007fd224df9000)]
  0x00007fd2982bf000 JavaThread "AWT-XAWT" daemon [_thread_in_native, id=34666, stack(0x00007fd250005000,0x00007fd250106000)]
  0x00007fd2982a2800 JavaThread "Java2D Disposer" daemon [_thread_blocked, id=34665, stack(0x00007fd250310000,0x00007fd250411000)]
  0x00007fd2981ef800 JavaThread "Service Thread" daemon [_thread_blocked, id=34663, stack(0x00007fd25236f000,0x00007fd252470000)]
  0x00007fd298131800 JavaThread "Common-Cleaner" daemon [_thread_blocked, id=34662, stack(0x00007fd252470000,0x00007fd252571000)]
  0x00007fd298112000 JavaThread "Sweeper thread" daemon [_thread_blocked, id=34661, stack(0x00007fd25299b000,0x00007fd252a9c000)]
  0x00007fd298110000 JavaThread "C1 CompilerThread2" daemon [_thread_blocked, id=34660, stack(0x00007fd252a9c000,0x00007fd252b9d000)]
  0x00007fd29810e000 JavaThread "C2 CompilerThread1" daemon [_thread_blocked, id=34659, stack(0x00007fd252b9d000,0x00007fd252c9e000)]
  0x00007fd29810c800 JavaThread "C2 CompilerThread0" daemon [_thread_in_native, id=34658, stack(0x00007fd252c9e000,0x00007fd252d9f000)]
  0x00007fd298108000 JavaThread "Signal Dispatcher" daemon [_thread_blocked, id=34657, stack(0x00007fd252d9f000,0x00007fd252ea0000)]
  0x00007fd298106000 JavaThread "Surrogate Locker Thread (Concurrent GC)" daemon [_thread_blocked, id=34656, stack(0x00007fd252ea0000,0x00007fd252fa1000)]
  0x00007fd2980f4800 JavaThread "Finalizer" daemon [_thread_blocked, id=34655, stack(0x00007fd25342c000,0x00007fd25352d000)]
  0x00007fd2980f0800 JavaThread "Reference Handler" daemon [_thread_blocked, id=34654, stack(0x00007fd25352d000,0x00007fd25362e000)]
=>0x00007fd298010800 JavaThread "main" [_thread_in_native, id=34641, stack(0x00007fd29f9c2000,0x00007fd29fac3000)]

Other Threads:
  0x00007fd2980e6800 VMThread [stack: 0x00007fd25362e000,0x00007fd25372f000] [id=34653]
  0x00007fd2981f2000 WatcherThread [stack: 0x00007fd25226e000,0x00007fd25236f000] [id=34664]

Threads with active compile tasks:
C2 CompilerThread0 406       4       java.util.HashMap::putVal (300 bytes)

VM state:not at safepoint (normal execution)

VM Mutex/Monitor currently owned by a thread: None

heap address: 0x00000000c2800000, size: 984 MB, Compressed Oops mode: 32-bit
Narrow klass base: 0x0000000000000000, Narrow klass shift: 3
Compressed class space size: 1073741824 Address: 0x0000000100000000

Heap:
 garbage-first heap   total 63488K, used 4096K [0x00000000c2800000, 0x00000000c29001f0, 0x0000000100000000)
  region size 1024K, 5 young (5120K), 0 survivors (0K)
 Metaspace       used 9020K, capacity 9222K, committed 9472K, reserved 1058816K
  class space    used 935K, capacity 1019K, committed 1024K, reserved 1048576K

Heap Regions: E=young(eden), S=young(survivor), O=old, HS=humongous(starts), HC=humongous(continues), CS=collection set, F=free, A=archive, TS=gc time stamp, AC=allocation context, TAMS=top-at-mark-start (previous, next)
|   0|0x00000000c2800000, 0x00000000c2800000, 0x00000000c2900000|  0%| F|  |TS  0|AC  0|TAMS 0x00000000c2800000, 0x00000000c2800000|
|   1|0x00000000c2900000, 0x00000000c2900000, 0x00000000c2a00000|  0%| F|  |TS  0|AC  0|TAMS 0x00000000c2900000, 0x00000000c2900000|
|   2|0x00000000c2a00000, 0x00000000c2a00000, 0x00000000c2b00000|  0%| F|  |TS  0|AC  0|TAMS 0x00000000c2a00000, 0x00000000c2a00000|
|   3|0x00000000c2b00000, 0x00000000c2b00000, 0x00000000c2c00000|  0%| F|  |TS  0|AC  0|TAMS 0x00000000c2b00000, 0x00000000c2b00000|
|   4|0x00000000c2c00000, 0x00000000c2c00000, 0x00000000c2d00000|  0%| F|  |TS  0|AC  0|TAMS 0x00000000c2c00000, 0x00000000c2c00000|
|   5|0x00000000c2d00000, 0x00000000c2d00000, 0x00000000c2e00000|  0%| F|  |TS  0|AC  0|TAMS 0x00000000c2d00000, 0x00000000c2d00000|
|   6|0x00000000c2e00000, 0x00000000c2e00000, 0x00000000c2f00000|  0%| F|  |TS  0|AC  0|TAMS 0x00000000c2e00000, 0x00000000c2e00000|
|   7|0x00000000c2f00000, 0x00000000c2f00000, 0x00000000c3000000|  0%| F|  |TS  0|AC  0|TAMS 0x00000000c2f00000, 0x00000000c2f00000|
|   8|0x00000000c3000000, 0x00000000c3000000, 0x00000000c3100000|  0%| F|  |TS  0|AC  0|TAMS 0x00000000c3000000, 0x00000000c3000000|
|   9|0x00000000c3100000, 0x00000000c3100000, 0x00000000c3200000|  0%| F|  |TS  0|AC  0|TAMS 0x00000000c3100000, 0x00000000c3100000|
|  10|0x00000000c3200000, 0x00000000c3200000, 0x00000000c3300000|  0%| F|  |TS  0|AC  0|TAMS 0x00000000c3200000, 0x00000000c3200000|
|  11|0x00000000c3300000, 0x00000000c3300000, 0x00000000c3400000|  0%| F|  |TS  0|AC  0|TAMS 0x00000000c3300000, 0x00000000c3300000|
|  12|0x00000000c3400000, 0x00000000c3400000, 0x00000000c3500000|  0%| F|  |TS  0|AC  0|TAMS 0x00000000c3400000, 0x00000000c3400000|
|  13|0x00000000c3500000, 0x00000000c3500000, 0x00000000c3600000|  0%| F|  |TS  0|AC  0|TAMS 0x00000000c3500000, 0x00000000c3500000|
|  14|0x00000000c3600000, 0x00000000c3600000, 0x00000000c3700000|  0%| F|  |TS  0|AC  0|TAMS 0x00000000c3600000, 0x00000000c3600000|
|  15|0x00000000c3700000, 0x00000000c3700000, 0x00000000c3800000|  0%| F|  |TS  0|AC  0|TAMS 0x00000000c3700000, 0x00000000c3700000|
|  16|0x00000000c3800000, 0x00000000c3800000, 0x00000000c3900000|  0%| F|  |TS  0|AC  0|TAMS 0x00000000c3800000, 0x00000000c3800000|
|  17|0x00000000c3900000, 0x00000000c3900000, 0x00000000c3a00000|  0%| F|  |TS  0|AC  0|TAMS 0x00000000c3900000, 0x00000000c3900000|
|  18|0x00000000c3a00000, 0x00000000c3a00000, 0x00000000c3b00000|  0%| F|  |TS  0|AC  0|TAMS 0x00000000c3a00000, 0x00000000c3a00000|
|  19|0x00000000c3b00000, 0x00000000c3b00000, 0x00000000c3c00000|  0%| F|  |TS  0|AC  0|TAMS 0x00000000c3b00000, 0x00000000c3b00000|
|  20|0x00000000c3c00000, 0x00000000c3c00000, 0x00000000c3d00000|  0%| F|  |TS  0|AC  0|TAMS 0x00000000c3c00000, 0x00000000c3c00000|
|  21|0x00000000c3d00000, 0x00000000c3d00000, 0x00000000c3e00000|  0%| F|  |TS  0|AC  0|TAMS 0x00000000c3d00000, 0x00000000c3d00000|
|  22|0x00000000c3e00000, 0x00000000c3e00000, 0x00000000c3f00000|  0%| F|  |TS  0|AC  0|TAMS 0x00000000c3e00000, 0x00000000c3e00000|
|  23|0x00000000c3f00000, 0x00000000c3f00000, 0x00000000c4000000|  0%| F|  |TS  0|AC  0|TAMS 0x00000000c3f00000, 0x00000000c3f00000|
|  24|0x00000000c4000000, 0x00000000c4000000, 0x00000000c4100000|  0%| F|  |TS  0|AC  0|TAMS 0x00000000c4000000, 0x00000000c4000000|
|  25|0x00000000c4100000, 0x00000000c4100000, 0x00000000c4200000|  0%| F|  |TS  0|AC  0|TAMS 0x00000000c4100000, 0x00000000c4100000|
|  26|0x00000000c4200000, 0x00000000c4200000, 0x00000000c4300000|  0%| F|  |TS  0|AC  0|TAMS 0x00000000c4200000, 0x00000000c4200000|
|  27|0x00000000c4300000, 0x00000000c4300000, 0x00000000c4400000|  0%| F|  |TS  0|AC  0|TAMS 0x00000000c4300000, 0x00000000c4300000|
|  28|0x00000000c4400000, 0x00000000c4400000, 0x00000000c4500000|  0%| F|  |TS  0|AC  0|TAMS 0x00000000c4400000, 0x00000000c4400000|
|  29|0x00000000c4500000, 0x00000000c4500000, 0x00000000c4600000|  0%| F|  |TS  0|AC  0|TAMS 0x00000000c4500000, 0x00000000c4500000|
|  30|0x00000000c4600000, 0x00000000c4600000, 0x00000000c4700000|  0%| F|  |TS  0|AC  0|TAMS 0x00000000c4600000, 0x00000000c4600000|
|  31|0x00000000c4700000, 0x00000000c4700000, 0x00000000c4800000|  0%| F|  |TS  0|AC  0|TAMS 0x00000000c4700000, 0x00000000c4700000|
|  32|0x00000000c4800000, 0x00000000c4800000, 0x00000000c4900000|  0%| F|  |TS  0|AC  0|TAMS 0x00000000c4800000, 0x00000000c4800000|
|  33|0x00000000c4900000, 0x00000000c4900000, 0x00000000c4a00000|  0%| F|  |TS  0|AC  0|TAMS 0x00000000c4900000, 0x00000000c4900000|
|  34|0x00000000c4a00000, 0x00000000c4a00000, 0x00000000c4b00000|  0%| F|  |TS  0|AC  0|TAMS 0x00000000c4a00000, 0x00000000c4a00000|
|  35|0x00000000c4b00000, 0x00000000c4b00000, 0x00000000c4c00000|  0%| F|  |TS  0|AC  0|TAMS 0x00000000c4b00000, 0x00000000c4b00000|
|  36|0x00000000c4c00000, 0x00000000c4c00000, 0x00000000c4d00000|  0%| F|  |TS  0|AC  0|TAMS 0x00000000c4c00000, 0x00000000c4c00000|
|  37|0x00000000c4d00000, 0x00000000c4d00000, 0x00000000c4e00000|  0%| F|  |TS  0|AC  0|TAMS 0x00000000c4d00000, 0x00000000c4d00000|
|  38|0x00000000c4e00000, 0x00000000c4e00000, 0x00000000c4f00000|  0%| F|  |TS  0|AC  0|TAMS 0x00000000c4e00000, 0x00000000c4e00000|
|  39|0x00000000c4f00000, 0x00000000c4f00000, 0x00000000c5000000|  0%| F|  |TS  0|AC  0|TAMS 0x00000000c4f00000, 0x00000000c4f00000|
|  40|0x00000000c5000000, 0x00000000c5000000, 0x00000000c5100000|  0%| F|  |TS  0|AC  0|TAMS 0x00000000c5000000, 0x00000000c5000000|
|  41|0x00000000c5100000, 0x00000000c5100000, 0x00000000c5200000|  0%| F|  |TS  0|AC  0|TAMS 0x00000000c5100000, 0x00000000c5100000|
|  42|0x00000000c5200000, 0x00000000c5200000, 0x00000000c5300000|  0%| F|  |TS  0|AC  0|TAMS 0x00000000c5200000, 0x00000000c5200000|
|  43|0x00000000c5300000, 0x00000000c5300000, 0x00000000c5400000|  0%| F|  |TS  0|AC  0|TAMS 0x00000000c5300000, 0x00000000c5300000|
|  44|0x00000000c5400000, 0x00000000c5400000, 0x00000000c5500000|  0%| F|  |TS  0|AC  0|TAMS 0x00000000c5400000, 0x00000000c5400000|
|  45|0x00000000c5500000, 0x00000000c5500000, 0x00000000c5600000|  0%| F|  |TS  0|AC  0|TAMS 0x00000000c5500000, 0x00000000c5500000|
|  46|0x00000000c5600000, 0x00000000c5600000, 0x00000000c5700000|  0%| F|  |TS  0|AC  0|TAMS 0x00000000c5600000, 0x00000000c5600000|
|  47|0x00000000c5700000, 0x00000000c5700000, 0x00000000c5800000|  0%| F|  |TS  0|AC  0|TAMS 0x00000000c5700000, 0x00000000c5700000|
|  48|0x00000000c5800000, 0x00000000c5800000, 0x00000000c5900000|  0%| F|  |TS  0|AC  0|TAMS 0x00000000c5800000, 0x00000000c5800000|
|  49|0x00000000c5900000, 0x00000000c5900000, 0x00000000c5a00000|  0%| F|  |TS  0|AC  0|TAMS 0x00000000c5900000, 0x00000000c5900000|
|  50|0x00000000c5a00000, 0x00000000c5a00000, 0x00000000c5b00000|  0%| F|  |TS  0|AC  0|TAMS 0x00000000c5a00000, 0x00000000c5a00000|
|  51|0x00000000c5b00000, 0x00000000c5b00000, 0x00000000c5c00000|  0%| F|  |TS  0|AC  0|TAMS 0x00000000c5b00000, 0x00000000c5b00000|
|  52|0x00000000c5c00000, 0x00000000c5c00000, 0x00000000c5d00000|  0%| F|  |TS  0|AC  0|TAMS 0x00000000c5c00000, 0x00000000c5c00000|
|  53|0x00000000c5d00000, 0x00000000c5d00000, 0x00000000c5e00000|  0%| F|  |TS  0|AC  0|TAMS 0x00000000c5d00000, 0x00000000c5d00000|
|  54|0x00000000c5e00000, 0x00000000c5e00000, 0x00000000c5f00000|  0%| F|  |TS  0|AC  0|TAMS 0x00000000c5e00000, 0x00000000c5e00000|
|  55|0x00000000c5f00000, 0x00000000c5f00000, 0x00000000c6000000|  0%| F|  |TS  0|AC  0|TAMS 0x00000000c5f00000, 0x00000000c5f00000|
|  56|0x00000000c6000000, 0x00000000c6000000, 0x00000000c6100000|  0%| F|  |TS  0|AC  0|TAMS 0x00000000c6000000, 0x00000000c6000000|
|  57|0x00000000c6100000, 0x00000000c6135068, 0x00000000c6200000| 20%| E|  |TS  0|AC  0|TAMS 0x00000000c6100000, 0x00000000c6100000|
|  58|0x00000000c6200000, 0x00000000c6300000, 0x00000000c6300000|100%| E|CS|TS  0|AC  0|TAMS 0x00000000c6200000, 0x00000000c6200000|
|  59|0x00000000c6300000, 0x00000000c6400000, 0x00000000c6400000|100%| E|CS|TS  0|AC  0|TAMS 0x00000000c6300000, 0x00000000c6300000|
|  60|0x00000000c6400000, 0x00000000c6500000, 0x00000000c6500000|100%| E|CS|TS  0|AC  0|TAMS 0x00000000c6400000, 0x00000000c6400000|
|  61|0x00000000c6500000, 0x00000000c6600000, 0x00000000c6600000|100%| E|CS|TS  0|AC  0|TAMS 0x00000000c6500000, 0x00000000c6500000|

Card table byte_map: [0x00007fd28077a000,0x00007fd280966000] byte_map_base: 0x00007fd280166000

Marking Bits (Prev, Next): (CMBitMap*) 0x00007fd29804bf10, (CMBitMap*) 0x00007fd29804bf68
 Prev Bits: [0x00007fd25b0a0000, 0x00007fd25c000000)
 Next Bits: [0x00007fd25a140000, 0x00007fd25b0a0000)

Polling page: 0x00007fd29fae4000

CodeHeap 'non-nmethods': size=5696Kb used=1244Kb max_used=1251Kb free=4451Kb
 bounds [0x00007fd281a4b000, 0x00007fd281cbb000, 0x00007fd281fdb000]
CodeHeap 'profiled nmethods': size=120032Kb used=650Kb max_used=650Kb free=119381Kb
 bounds [0x00007fd281fdb000, 0x00007fd28224b000, 0x00007fd289513000]
CodeHeap 'non-profiled nmethods': size=120032Kb used=127Kb max_used=127Kb free=119904Kb
 bounds [0x00007fd289513000, 0x00007fd289783000, 0x00007fd290a4b000]
 total_blobs=1022 nmethods=420 adapters=411
 compilation: enabled

Compilation events (10 events):
Event: 0.189 Thread 0x00007fd298110000  419       1       java.nio.HeapByteBuffer::_get (7 bytes)
Event: 0.189 Thread 0x00007fd298110000 nmethod 419 0x00007fd289532b10 code [0x00007fd289532c80, 0x00007fd289532db0]
Event: 0.189 Thread 0x00007fd298110000  418       3       java.nio.Buffer::hasRemaining (17 bytes)
Event: 0.189 Thread 0x00007fd298110000 nmethod 418 0x00007fd28207c490 code [0x00007fd28207c600, 0x00007fd28207c7b0]
Event: 0.189 Thread 0x00007fd298110000  420       3       java.nio.ByteBufferAsIntBufferB::get (16 bytes)
Event: 0.190 Thread 0x00007fd298110000 nmethod 420 0x00007fd28207c810 code [0x00007fd28207ca00, 0x00007fd28207d1a8]
Event: 0.190 Thread 0x00007fd298110000  421       3       java.nio.ByteBufferAsIntBufferB::ix (9 bytes)
Event: 0.190 Thread 0x00007fd298110000 nmethod 421 0x00007fd28207d410 code [0x00007fd28207d580, 0x00007fd28207d6d0]
Event: 0.190 Thread 0x00007fd298110000  422       3       java.nio.HeapByteBuffer::ix (7 bytes)
Event: 0.190 Thread 0x00007fd298110000 nmethod 422 0x00007fd28207d790 code [0x00007fd28207d900, 0x00007fd28207da50]

GC Heap History (0 events):
No events

Deoptimization events (10 events):
Event: 0.136 Thread 0x00007fd298010800 Uncommon trap: reason=unstable_if action=reinterpret pc=0x00007fd28951c340 method=java.lang.StringLatin1.replace([BCC)Ljava/lang/String; @ 19
Event: 0.147 Thread 0x00007fd298010800 Uncommon trap: reason=class_check action=maybe_recompile pc=0x00007fd28951d4e8 method=java.util.HashMap.putVal(ILjava/lang/Object;Ljava/lang/Object;ZZ)Ljava/lang/Object; @ 91
Event: 0.153 Thread 0x00007fd298010800 Uncommon trap: reason=class_check action=maybe_recompile pc=0x00007fd28951cfac method=java.util.HashMap.putVal(ILjava/lang/Object;Ljava/lang/Object;ZZ)Ljava/lang/Object; @ 253
Event: 0.153 Thread 0x00007fd298010800 Uncommon trap: reason=class_check action=maybe_recompile pc=0x00007fd28951d4e8 method=java.util.HashMap.putVal(ILjava/lang/Object;Ljava/lang/Object;ZZ)Ljava/lang/Object; @ 91
Event: 0.153 Thread 0x00007fd298010800 Uncommon trap: reason=class_check action=maybe_recompile pc=0x00007fd28951cfac method=java.util.HashMap.putVal(ILjava/lang/Object;Ljava/lang/Object;ZZ)Ljava/lang/Object; @ 253
Event: 0.155 Thread 0x00007fd298010800 Uncommon trap: reason=unstable_fused_if action=reinterpret pc=0x00007fd2895290dc method=jdk.internal.org.objectweb.asm.ByteVector.putUTF8(Ljava/lang/String;)Ljdk/internal/org/objectweb/asm/ByteVector; @ 91
Event: 0.184 Thread 0x00007fd298010800 Uncommon trap: reason=bimorphic_or_optimized_type_check action=maybe_recompile pc=0x00007fd28952f078 method=java.util.HashMap.putVal(ILjava/lang/Object;Ljava/lang/Object;ZZ)Ljava/lang/Object; @ 91
Event: 0.184 Thread 0x00007fd298010800 Uncommon trap: reason=bimorphic_or_optimized_type_check action=maybe_recompile pc=0x00007fd28952f078 method=java.util.HashMap.putVal(ILjava/lang/Object;Ljava/lang/Object;ZZ)Ljava/lang/Object; @ 91
Event: 0.184 Thread 0x00007fd298010800 Uncommon trap: reason=bimorphic_or_optimized_type_check action=maybe_recompile pc=0x00007fd28952f078 method=java.util.HashMap.putVal(ILjava/lang/Object;Ljava/lang/Object;ZZ)Ljava/lang/Object; @ 91
Event: 0.184 Thread 0x00007fd298010800 Uncommon trap: reason=bimorphic_or_optimized_type_check action=maybe_recompile pc=0x00007fd28952f078 method=java.util.HashMap.putVal(ILjava/lang/Object;Ljava/lang/Object;ZZ)Ljava/lang/Object; @ 91

Classes redefined (0 events):
No events

Internal exceptions (3 events):
Event: 0.100 Thread 0x00007fd298010800 Exception <a 'java/lang/ClassNotFoundException': sun/awt/resources/awtProvider> (0x00000000c6355770) thrown at [/build/openjdk-9-argm_o/openjdk-9-9~b114/src/hotspot/src/share/vm/classfile/systemDictionary.cpp, line 224]
Event: 0.109 Thread 0x00007fd298010800 Exception <a 'java/io/FileNotFoundException'> (0x00000000c6397680) thrown at [/build/openjdk-9-argm_o/openjdk-9-9~b114/src/hotspot/src/share/vm/prims/jni.cpp, line 605]
Event: 0.109 Thread 0x00007fd298010800 Exception <a 'java/io/FileNotFoundException'> (0x00000000c639f858) thrown at [/build/openjdk-9-argm_o/openjdk-9-9~b114/src/hotspot/src/share/vm/prims/jni.cpp, line 605]

Events (10 events):
Event: 0.188 loading class sun/nio/cs/UTF_16$Decoder
Event: 0.188 loading class sun/nio/cs/UnicodeDecoder
Event: 0.188 loading class sun/nio/cs/UnicodeDecoder done
Event: 0.188 loading class sun/nio/cs/UTF_16$Decoder done
Event: 0.190 loading class sun/font/FileFontStrike
Event: 0.190 loading class sun/font/FileFontStrike done
Event: 0.190 loading class sun/font/FontScaler
Event: 0.190 loading class sun/font/FontScaler done
Event: 0.190 loading class sun/font/FreetypeFontScaler
Event: 0.190 loading class sun/font/FreetypeFontScaler done


Dynamic libraries:
00400000-00401000 r-xp 00000000 08:01 23816                              /usr/lib/jvm/java-9-openjdk-amd64/bin/java
00600000-00601000 r--p 00000000 08:01 23816                              /usr/lib/jvm/java-9-openjdk-amd64/bin/java
00601000-00602000 rw-p 00001000 08:01 23816                              /usr/lib/jvm/java-9-openjdk-amd64/bin/java
01268000-01289000 rw-p 00000000 00:00 0                                  [heap]
c2800000-c6600000 rw-p 00000000 00:00 0 
c6600000-100000000 ---p 00000000 00:00 0 
100000000-100100000 rw-p 00000000 00:00 0 
100100000-140000000 ---p 00000000 00:00 0 
7fd208000000-7fd208021000 rw-p 00000000 00:00 0 
7fd208021000-7fd20c000000 ---p 00000000 00:00 0 
7fd210000000-7fd210021000 rw-p 00000000 00:00 0 
7fd210021000-7fd214000000 ---p 00000000 00:00 0 
7fd214000000-7fd214021000 rw-p 00000000 00:00 0 
7fd214021000-7fd218000000 ---p 00000000 00:00 0 
7fd218000000-7fd218021000 rw-p 00000000 00:00 0 
7fd218021000-7fd21c000000 ---p 00000000 00:00 0 
7fd21c000000-7fd21c021000 rw-p 00000000 00:00 0 
7fd21c021000-7fd220000000 ---p 00000000 00:00 0 
7fd220000000-7fd220021000 rw-p 00000000 00:00 0 
7fd220021000-7fd224000000 ---p 00000000 00:00 0 
7fd224af8000-7fd224b38000 rw-p 00000000 00:00 0 
7fd224b38000-7fd224cf8000 ---p 00000000 00:00 0 
7fd224cf8000-7fd224cfc000 ---p 00000000 00:00 0 
7fd224cfc000-7fd224df9000 rw-p 00000000 00:00 0 
7fd224df9000-7fd224dfe000 r-xp 00000000 08:01 1191289                    /usr/lib/x86_64-linux-gnu/libXfixes.so.3.1.0
7fd224dfe000-7fd224ffd000 ---p 00005000 08:01 1191289                    /usr/lib/x86_64-linux-gnu/libXfixes.so.3.1.0
7fd224ffd000-7fd224ffe000 r--p 00004000 08:01 1191289                    /usr/lib/x86_64-linux-gnu/libXfixes.so.3.1.0
7fd224ffe000-7fd224fff000 rw-p 00005000 08:01 1191289                    /usr/lib/x86_64-linux-gnu/libXfixes.so.3.1.0
7fd224fff000-7fd228000000 rw-p 00000000 00:00 0 
7fd228000000-7fd2280dc000 rw-p 00000000 00:00 0 
7fd2280dc000-7fd22c000000 ---p 00000000 00:00 0 
7fd22c000000-7fd22c021000 rw-p 00000000 00:00 0 
7fd22c021000-7fd230000000 ---p 00000000 00:00 0 
7fd230000000-7fd2301c3000 rw-p 00000000 00:00 0 
7fd2301c3000-7fd234000000 ---p 00000000 00:00 0 
7fd234000000-7fd2341e3000 rw-p 00000000 00:00 0 
7fd2341e3000-7fd238000000 ---p 00000000 00:00 0 
7fd238000000-7fd238021000 rw-p 00000000 00:00 0 
7fd238021000-7fd23c000000 ---p 00000000 00:00 0 
7fd23c000000-7fd23c021000 rw-p 00000000 00:00 0 
7fd23c021000-7fd240000000 ---p 00000000 00:00 0 
7fd240000000-7fd240021000 rw-p 00000000 00:00 0 
7fd240021000-7fd244000000 ---p 00000000 00:00 0 
7fd244000000-7fd244021000 rw-p 00000000 00:00 0 
7fd244021000-7fd248000000 ---p 00000000 00:00 0 
7fd248000000-7fd248021000 rw-p 00000000 00:00 0 
7fd248021000-7fd24c000000 ---p 00000000 00:00 0 
7fd24c000000-7fd24c021000 rw-p 00000000 00:00 0 
7fd24c021000-7fd250000000 ---p 00000000 00:00 0 
7fd250005000-7fd250009000 ---p 00000000 00:00 0 
7fd250009000-7fd250106000 rw-p 00000000 00:00 0 
7fd250106000-7fd25010f000 r-xp 00000000 08:01 1192127                    /usr/lib/x86_64-linux-gnu/libXcursor.so.1.0.2
7fd25010f000-7fd25030e000 ---p 00009000 08:01 1192127                    /usr/lib/x86_64-linux-gnu/libXcursor.so.1.0.2
7fd25030e000-7fd25030f000 r--p 00008000 08:01 1192127                    /usr/lib/x86_64-linux-gnu/libXcursor.so.1.0.2
7fd25030f000-7fd250310000 rw-p 00009000 08:01 1192127                    /usr/lib/x86_64-linux-gnu/libXcursor.so.1.0.2
7fd250310000-7fd250314000 ---p 00000000 00:00 0 
7fd250314000-7fd250411000 rw-p 00000000 00:00 0 
7fd250411000-7fd250435000 r-xp 00000000 08:01 786490                     /lib/x86_64-linux-gnu/libpng12.so.0.54.0
7fd250435000-7fd250634000 ---p 00024000 08:01 786490                     /lib/x86_64-linux-gnu/libpng12.so.0.54.0
7fd250634000-7fd250635000 r--p 00023000 08:01 786490                     /lib/x86_64-linux-gnu/libpng12.so.0.54.0
7fd250635000-7fd250636000 rw-p 00024000 08:01 786490                     /lib/x86_64-linux-gnu/libpng12.so.0.54.0
7fd250636000-7fd2506da000 r-xp 00000000 08:01 1180583                    /usr/lib/x86_64-linux-gnu/libfreetype.so.6.12.1
7fd2506da000-7fd2508d9000 ---p 000a4000 08:01 1180583                    /usr/lib/x86_64-linux-gnu/libfreetype.so.6.12.1
7fd2508d9000-7fd2508df000 r--p 000a3000 08:01 1180583                    /usr/lib/x86_64-linux-gnu/libfreetype.so.6.12.1
7fd2508df000-7fd2508e0000 rw-p 000a9000 08:01 1180583                    /usr/lib/x86_64-linux-gnu/libfreetype.so.6.12.1
7fd2508e0000-7fd2509a6000 r-xp 00000000 08:01 23836                      /usr/lib/jvm/java-9-openjdk-amd64/lib/amd64/libfontmanager.so
7fd2509a6000-7fd250ba5000 ---p 000c6000 08:01 23836                      /usr/lib/jvm/java-9-openjdk-amd64/lib/amd64/libfontmanager.so
7fd250ba5000-7fd250ba8000 r--p 000c5000 08:01 23836                      /usr/lib/jvm/java-9-openjdk-amd64/lib/amd64/libfontmanager.so
7fd250ba8000-7fd250ba9000 rw-p 000c8000 08:01 23836                      /usr/lib/jvm/java-9-openjdk-amd64/lib/amd64/libfontmanager.so
7fd250ba9000-7fd250baa000 rw-p 00000000 00:00 0 
7fd250baa000-7fd250baf000 r-xp 00000000 08:01 1191285                    /usr/lib/x86_64-linux-gnu/libXdmcp.so.6.0.0
7fd250baf000-7fd250dae000 ---p 00005000 08:01 1191285                    /usr/lib/x86_64-linux-gnu/libXdmcp.so.6.0.0
7fd250dae000-7fd250daf000 r--p 00004000 08:01 1191285                    /usr/lib/x86_64-linux-gnu/libXdmcp.so.6.0.0
7fd250daf000-7fd250db0000 rw-p 00005000 08:01 1191285                    /usr/lib/x86_64-linux-gnu/libXdmcp.so.6.0.0
7fd250db0000-7fd250db2000 r-xp 00000000 08:01 1191274                    /usr/lib/x86_64-linux-gnu/libXau.so.6.0.0
7fd250db2000-7fd250fb2000 ---p 00002000 08:01 1191274                    /usr/lib/x86_64-linux-gnu/libXau.so.6.0.0
7fd250fb2000-7fd250fb3000 r--p 00002000 08:01 1191274                    /usr/lib/x86_64-linux-gnu/libXau.so.6.0.0
7fd250fb3000-7fd250fb4000 rw-p 00003000 08:01 1191274                    /usr/lib/x86_64-linux-gnu/libXau.so.6.0.0
7fd250fb4000-7fd250fd5000 r-xp 00000000 08:01 1192652                    /usr/lib/x86_64-linux-gnu/libxcb.so.1.1.0
7fd250fd5000-7fd2511d4000 ---p 00021000 08:01 1192652                    /usr/lib/x86_64-linux-gnu/libxcb.so.1.1.0
7fd2511d4000-7fd2511d5000 r--p 00020000 08:01 1192652                    /usr/lib/x86_64-linux-gnu/libxcb.so.1.1.0
7fd2511d5000-7fd2511d6000 rw-p 00021000 08:01 1192652                    /usr/lib/x86_64-linux-gnu/libxcb.so.1.1.0
7fd2511d6000-7fd2511e5000 r-xp 00000000 08:01 1191295                    /usr/lib/x86_64-linux-gnu/libXi.so.6.1.0
7fd2511e5000-7fd2513e4000 ---p 0000f000 08:01 1191295                    /usr/lib/x86_64-linux-gnu/libXi.so.6.1.0
7fd2513e4000-7fd2513e5000 r--p 0000e000 08:01 1191295                    /usr/lib/x86_64-linux-gnu/libXi.so.6.1.0
7fd2513e5000-7fd2513e6000 rw-p 0000f000 08:01 1191295                    /usr/lib/x86_64-linux-gnu/libXi.so.6.1.0
7fd2513e6000-7fd2513eb000 r-xp 00000000 08:01 1191313                    /usr/lib/x86_64-linux-gnu/libXtst.so.6.1.0
7fd2513eb000-7fd2515ea000 ---p 00005000 08:01 1191313                    /usr/lib/x86_64-linux-gnu/libXtst.so.6.1.0
7fd2515ea000-7fd2515eb000 r--p 00004000 08:01 1191313                    /usr/lib/x86_64-linux-gnu/libXtst.so.6.1.0
7fd2515eb000-7fd2515ec000 rw-p 00005000 08:01 1191313                    /usr/lib/x86_64-linux-gnu/libXtst.so.6.1.0
7fd2515ec000-7fd2515f5000 r-xp 00000000 08:01 1191307                    /usr/lib/x86_64-linux-gnu/libXrender.so.1.3.0
7fd2515f5000-7fd2517f4000 ---p 00009000 08:01 1191307                    /usr/lib/x86_64-linux-gnu/libXrender.so.1.3.0
7fd2517f4000-7fd2517f5000 r--p 00008000 08:01 1191307                    /usr/lib/x86_64-linux-gnu/libXrender.so.1.3.0
7fd2517f5000-7fd2517f6000 rw-p 00009000 08:01 1191307                    /usr/lib/x86_64-linux-gnu/libXrender.so.1.3.0
7fd2517f6000-7fd25192b000 r-xp 00000000 08:01 1184851                    /usr/lib/x86_64-linux-gnu/libX11.so.6.3.0
7fd25192b000-7fd251b2b000 ---p 00135000 08:01 1184851                    /usr/lib/x86_64-linux-gnu/libX11.so.6.3.0
7fd251b2b000-7fd251b2c000 r--p 00135000 08:01 1184851                    /usr/lib/x86_64-linux-gnu/libX11.so.6.3.0
7fd251b2c000-7fd251b30000 rw-p 00136000 08:01 1184851                    /usr/lib/x86_64-linux-gnu/libX11.so.6.3.0
7fd251b30000-7fd251b41000 r-xp 00000000 08:01 1191287                    /usr/lib/x86_64-linux-gnu/libXext.so.6.4.0
7fd251b41000-7fd251d40000 ---p 00011000 08:01 1191287                    /usr/lib/x86_64-linux-gnu/libXext.so.6.4.0
7fd251d40000-7fd251d41000 r--p 00010000 08:01 1191287                    /usr/lib/x86_64-linux-gnu/libXext.so.6.4.0
7fd251d41000-7fd251d42000 rw-p 00011000 08:01 1191287                    /usr/lib/x86_64-linux-gnu/libXext.so.6.4.0
7fd251d42000-7fd251d99000 r-xp 00000000 08:01 23863                      /usr/lib/jvm/java-9-openjdk-amd64/lib/amd64/libawt_xawt.so
7fd251d99000-7fd251f99000 ---p 00057000 08:01 23863                      /usr/lib/jvm/java-9-openjdk-amd64/lib/amd64/libawt_xawt.so
7fd251f99000-7fd251f9a000 r--p 00057000 08:01 23863                      /usr/lib/jvm/java-9-openjdk-amd64/lib/amd64/libawt_xawt.so
7fd251f9a000-7fd251f9d000 rw-p 00058000 08:01 23863                      /usr/lib/jvm/java-9-openjdk-amd64/lib/amd64/libawt_xawt.so
7fd251f9d000-7fd251f9e000 rw-p 00000000 00:00 0 
7fd251f9e000-7fd25203e000 r-xp 00000000 08:01 23835                      /usr/lib/jvm/java-9-openjdk-amd64/lib/amd64/libawt.so
7fd25203e000-7fd25223d000 ---p 000a0000 08:01 23835                      /usr/lib/jvm/java-9-openjdk-amd64/lib/amd64/libawt.so
7fd25223d000-7fd25223e000 r--p 0009f000 08:01 23835                      /usr/lib/jvm/java-9-openjdk-amd64/lib/amd64/libawt.so
7fd25223e000-7fd252249000 rw-p 000a0000 08:01 23835                      /usr/lib/jvm/java-9-openjdk-amd64/lib/amd64/libawt.so
7fd252249000-7fd25226e000 rw-p 00000000 00:00 0 
7fd25226e000-7fd25226f000 ---p 00000000 00:00 0 
7fd25226f000-7fd25236f000 rw-p 00000000 00:00 0 
7fd25236f000-7fd252373000 ---p 00000000 00:00 0 
7fd252373000-7fd252470000 rw-p 00000000 00:00 0 
7fd252470000-7fd252474000 ---p 00000000 00:00 0 
7fd252474000-7fd252571000 rw-p 00000000 00:00 0 
7fd252571000-7fd252587000 r-xp 00000000 08:01 23837                      /usr/lib/jvm/java-9-openjdk-amd64/lib/amd64/libnet.so
7fd252587000-7fd252786000 ---p 00016000 08:01 23837                      /usr/lib/jvm/java-9-openjdk-amd64/lib/amd64/libnet.so
7fd252786000-7fd252787000 r--p 00015000 08:01 23837                      /usr/lib/jvm/java-9-openjdk-amd64/lib/amd64/libnet.so
7fd252787000-7fd252788000 rw-p 00016000 08:01 23837                      /usr/lib/jvm/java-9-openjdk-amd64/lib/amd64/libnet.so
7fd252788000-7fd252799000 r-xp 00000000 08:01 23864                      /usr/lib/jvm/java-9-openjdk-amd64/lib/amd64/libnio.so
7fd252799000-7fd252999000 ---p 00011000 08:01 23864                      /usr/lib/jvm/java-9-openjdk-amd64/lib/amd64/libnio.so
7fd252999000-7fd25299a000 r--p 00011000 08:01 23864                      /usr/lib/jvm/java-9-openjdk-amd64/lib/amd64/libnio.so
7fd25299a000-7fd25299b000 rw-p 00012000 08:01 23864                      /usr/lib/jvm/java-9-openjdk-amd64/lib/amd64/libnio.so
7fd25299b000-7fd25299f000 ---p 00000000 00:00 0 
7fd25299f000-7fd252a9c000 rw-p 00000000 00:00 0 
7fd252a9c000-7fd252aa0000 ---p 00000000 00:00 0 
7fd252aa0000-7fd252b9d000 rw-p 00000000 00:00 0 
7fd252b9d000-7fd252ba1000 ---p 00000000 00:00 0 
7fd252ba1000-7fd252c9e000 rw-p 00000000 00:00 0 
7fd252c9e000-7fd252ca2000 ---p 00000000 00:00 0 
7fd252ca2000-7fd252d9f000 rw-p 00000000 00:00 0 
7fd252d9f000-7fd252da3000 ---p 00000000 00:00 0 
7fd252da3000-7fd252ea0000 rw-p 00000000 00:00 0 
7fd252ea0000-7fd252ea4000 ---p 00000000 00:00 0 
7fd252ea4000-7fd252fa1000 rw-p 00000000 00:00 0 
7fd252fa1000-7fd25342c000 r--p 00000000 08:01 1181951                    /usr/lib/locale/locale-archive
7fd25342c000-7fd253430000 ---p 00000000 00:00 0 
7fd253430000-7fd25352d000 rw-p 00000000 00:00 0 
7fd25352d000-7fd253531000 ---p 00000000 00:00 0 
7fd253531000-7fd25362e000 rw-p 00000000 00:00 0 
7fd25362e000-7fd25362f000 ---p 00000000 00:00 0 
7fd25362f000-7fd254000000 rw-p 00000000 00:00 0 
7fd254000000-7fd254021000 rw-p 00000000 00:00 0 
7fd254021000-7fd258000000 ---p 00000000 00:00 0 
7fd258017000-7fd25a238000 rw-p 00000000 00:00 0 
7fd25a238000-7fd25b0a0000 ---p 00000000 00:00 0 
7fd25b0a0000-7fd25b198000 rw-p 00000000 00:00 0 
7fd25b198000-7fd25c000000 ---p 00000000 00:00 0 
7fd25c000000-7fd25c021000 rw-p 00000000 00:00 0 
7fd25c021000-7fd260000000 ---p 00000000 00:00 0 
7fd260000000-7fd260021000 rw-p 00000000 00:00 0 
7fd260021000-7fd264000000 ---p 00000000 00:00 0 
7fd264000000-7fd264021000 rw-p 00000000 00:00 0 
7fd264021000-7fd268000000 ---p 00000000 00:00 0 
7fd268000000-7fd268021000 rw-p 00000000 00:00 0 
7fd268021000-7fd26c000000 ---p 00000000 00:00 0 
7fd26c000000-7fd26c021000 rw-p 00000000 00:00 0 
7fd26c021000-7fd270000000 ---p 00000000 00:00 0 
7fd270000000-7fd270021000 rw-p 00000000 00:00 0 
7fd270021000-7fd274000000 ---p 00000000 00:00 0 
7fd274000000-7fd274021000 rw-p 00000000 00:00 0 
7fd274021000-7fd278000000 ---p 00000000 00:00 0 
7fd278000000-7fd278021000 rw-p 00000000 00:00 0 
7fd278021000-7fd27c000000 ---p 00000000 00:00 0 
7fd27c000000-7fd27c021000 rw-p 00000000 00:00 0 
7fd27c021000-7fd280000000 ---p 00000000 00:00 0 
7fd28000d000-7fd28038c000 rw-p 00000000 00:00 0 
7fd28038c000-7fd28038d000 ---p 00000000 00:00 0 
7fd28038d000-7fd28048d000 rw-p 00000000 00:00 0 
7fd28048d000-7fd28048e000 ---p 00000000 00:00 0 
7fd28048e000-7fd2805ad000 rw-p 00000000 00:00 0 
7fd2805ad000-7fd28077a000 ---p 00000000 00:00 0 
7fd28077a000-7fd280799000 rw-p 00000000 00:00 0 
7fd280799000-7fd280b52000 ---p 00000000 00:00 0 
7fd280b52000-7fd280b71000 rw-p 00000000 00:00 0 
7fd280b71000-7fd280d3e000 ---p 00000000 00:00 0 
7fd280d3e000-7fd280d3f000 ---p 00000000 00:00 0 
7fd280d3f000-7fd280e3f000 rw-p 00000000 00:00 0 
7fd280e3f000-7fd280e40000 ---p 00000000 00:00 0 
7fd280e40000-7fd280f40000 rw-p 00000000 00:00 0 
7fd280f40000-7fd280f41000 ---p 00000000 00:00 0 
7fd280f41000-7fd281041000 rw-p 00000000 00:00 0 
7fd281041000-7fd281042000 ---p 00000000 00:00 0 
7fd281042000-7fd281142000 rw-p 00000000 00:00 0 
7fd281142000-7fd281143000 ---p 00000000 00:00 0 
7fd281143000-7fd281647000 rw-p 00000000 00:00 0 
7fd281647000-7fd281648000 ---p 00000000 00:00 0 
7fd281648000-7fd281748000 rw-p 00000000 00:00 0 
7fd281748000-7fd281749000 ---p 00000000 00:00 0 
7fd281749000-7fd281849000 rw-p 00000000 00:00 0 
7fd281849000-7fd28184a000 ---p 00000000 00:00 0 
7fd28184a000-7fd28194a000 rw-p 00000000 00:00 0 
7fd28194a000-7fd28194b000 ---p 00000000 00:00 0 
7fd28194b000-7fd281a4b000 rw-p 00000000 00:00 0 
7fd281a4b000-7fd281cbb000 rwxp 00000000 00:00 0 
7fd281cbb000-7fd281fdb000 ---p 00000000 00:00 0 
7fd281fdb000-7fd28224b000 rwxp 00000000 00:00 0 
7fd28224b000-7fd289513000 ---p 00000000 00:00 0 
7fd289513000-7fd289783000 rwxp 00000000 00:00 0 
7fd289783000-7fd290a4b000 ---p 00000000 00:00 0 
7fd290a4b000-7fd297dfa000 r--s 00000000 08:01 23821                      /usr/lib/jvm/java-9-openjdk-amd64/lib/modules
7fd297dfa000-7fd297dff000 r-xp 00000000 08:01 23851                      /usr/lib/jvm/java-9-openjdk-amd64/lib/amd64/libjimage.so
7fd297dff000-7fd297ffe000 ---p 00005000 08:01 23851                      /usr/lib/jvm/java-9-openjdk-amd64/lib/amd64/libjimage.so
7fd297ffe000-7fd297fff000 r--p 00004000 08:01 23851                      /usr/lib/jvm/java-9-openjdk-amd64/lib/amd64/libjimage.so
7fd297fff000-7fd298000000 rw-p 00005000 08:01 23851                      /usr/lib/jvm/java-9-openjdk-amd64/lib/amd64/libjimage.so
7fd298000000-7fd298307000 rw-p 00000000 00:00 0 
7fd298307000-7fd29c000000 ---p 00000000 00:00 0 
7fd29c023000-7fd29c028000 rw-p 00000000 00:00 0 
7fd29c028000-7fd29c10e000 ---p 00000000 00:00 0 
7fd29c10e000-7fd29c113000 rw-p 00000000 00:00 0 
7fd29c113000-7fd29c1f9000 ---p 00000000 00:00 0 
7fd29c1f9000-7fd29c200000 r-xp 00000000 08:01 23847                      /usr/lib/jvm/java-9-openjdk-amd64/lib/amd64/libzip.so
7fd29c200000-7fd29c3ff000 ---p 00007000 08:01 23847                      /usr/lib/jvm/java-9-openjdk-amd64/lib/amd64/libzip.so
7fd29c3ff000-7fd29c400000 r--p 00006000 08:01 23847                      /usr/lib/jvm/java-9-openjdk-amd64/lib/amd64/libzip.so
7fd29c400000-7fd29c401000 rw-p 00007000 08:01 23847                      /usr/lib/jvm/java-9-openjdk-amd64/lib/amd64/libzip.so
7fd29c401000-7fd29c40c000 r-xp 00000000 08:01 792182                     /lib/x86_64-linux-gnu/libnss_files-2.23.so
7fd29c40c000-7fd29c60b000 ---p 0000b000 08:01 792182                     /lib/x86_64-linux-gnu/libnss_files-2.23.so
7fd29c60b000-7fd29c60c000 r--p 0000a000 08:01 792182                     /lib/x86_64-linux-gnu/libnss_files-2.23.so
7fd29c60c000-7fd29c60d000 rw-p 0000b000 08:01 792182                     /lib/x86_64-linux-gnu/libnss_files-2.23.so
7fd29c60d000-7fd29c613000 rw-p 00000000 00:00 0 
7fd29c613000-7fd29c61e000 r-xp 00000000 08:01 792186                     /lib/x86_64-linux-gnu/libnss_nis-2.23.so
7fd29c61e000-7fd29c81d000 ---p 0000b000 08:01 792186                     /lib/x86_64-linux-gnu/libnss_nis-2.23.so
7fd29c81d000-7fd29c81e000 r--p 0000a000 08:01 792186                     /lib/x86_64-linux-gnu/libnss_nis-2.23.so
7fd29c81e000-7fd29c81f000 rw-p 0000b000 08:01 792186                     /lib/x86_64-linux-gnu/libnss_nis-2.23.so
7fd29c81f000-7fd29c835000 r-xp 00000000 08:01 792162                     /lib/x86_64-linux-gnu/libnsl-2.23.so
7fd29c835000-7fd29ca34000 ---p 00016000 08:01 792162                     /lib/x86_64-linux-gnu/libnsl-2.23.so
7fd29ca34000-7fd29ca35000 r--p 00015000 08:01 792162                     /lib/x86_64-linux-gnu/libnsl-2.23.so
7fd29ca35000-7fd29ca36000 rw-p 00016000 08:01 792162                     /lib/x86_64-linux-gnu/libnsl-2.23.so
7fd29ca36000-7fd29ca38000 rw-p 00000000 00:00 0 
7fd29ca38000-7fd29ca40000 r-xp 00000000 08:01 792177                     /lib/x86_64-linux-gnu/libnss_compat-2.23.so
7fd29ca40000-7fd29cc3f000 ---p 00008000 08:01 792177                     /lib/x86_64-linux-gnu/libnss_compat-2.23.so
7fd29cc3f000-7fd29cc40000 r--p 00007000 08:01 792177                     /lib/x86_64-linux-gnu/libnss_compat-2.23.so
7fd29cc40000-7fd29cc41000 rw-p 00008000 08:01 792177                     /lib/x86_64-linux-gnu/libnss_compat-2.23.so
7fd29cc41000-7fd29cc6c000 r-xp 00000000 08:01 23830                      /usr/lib/jvm/java-9-openjdk-amd64/lib/amd64/libjava.so
7fd29cc6c000-7fd29ce6b000 ---p 0002b000 08:01 23830                      /usr/lib/jvm/java-9-openjdk-amd64/lib/amd64/libjava.so
7fd29ce6b000-7fd29ce6c000 r--p 0002a000 08:01 23830                      /usr/lib/jvm/java-9-openjdk-amd64/lib/amd64/libjava.so
7fd29ce6c000-7fd29ce6e000 rw-p 0002b000 08:01 23830                      /usr/lib/jvm/java-9-openjdk-amd64/lib/amd64/libjava.so
7fd29ce6e000-7fd29ce7b000 r-xp 00000000 08:01 23831                      /usr/lib/jvm/java-9-openjdk-amd64/lib/amd64/libverify.so
7fd29ce7b000-7fd29d07a000 ---p 0000d000 08:01 23831                      /usr/lib/jvm/java-9-openjdk-amd64/lib/amd64/libverify.so
7fd29d07a000-7fd29d07c000 r--p 0000c000 08:01 23831                      /usr/lib/jvm/java-9-openjdk-amd64/lib/amd64/libverify.so
7fd29d07c000-7fd29d07d000 rw-p 0000e000 08:01 23831                      /usr/lib/jvm/java-9-openjdk-amd64/lib/amd64/libverify.so
7fd29d07d000-7fd29d084000 r-xp 00000000 08:01 792187                     /lib/x86_64-linux-gnu/librt-2.23.so
7fd29d084000-7fd29d283000 ---p 00007000 08:01 792187                     /lib/x86_64-linux-gnu/librt-2.23.so
7fd29d283000-7fd29d284000 r--p 00006000 08:01 792187                     /lib/x86_64-linux-gnu/librt-2.23.so
7fd29d284000-7fd29d285000 rw-p 00007000 08:01 792187                     /lib/x86_64-linux-gnu/librt-2.23.so
7fd29d285000-7fd29d29b000 r-xp 00000000 08:01 791889                     /lib/x86_64-linux-gnu/libgcc_s.so.1
7fd29d29b000-7fd29d49a000 ---p 00016000 08:01 791889                     /lib/x86_64-linux-gnu/libgcc_s.so.1
7fd29d49a000-7fd29d49b000 rw-p 00015000 08:01 791889                     /lib/x86_64-linux-gnu/libgcc_s.so.1
7fd29d49b000-7fd29d5a3000 r-xp 00000000 08:01 786792                     /lib/x86_64-linux-gnu/libm-2.23.so
7fd29d5a3000-7fd29d7a2000 ---p 00108000 08:01 786792                     /lib/x86_64-linux-gnu/libm-2.23.so
7fd29d7a2000-7fd29d7a3000 r--p 00107000 08:01 786792                     /lib/x86_64-linux-gnu/libm-2.23.so
7fd29d7a3000-7fd29d7a4000 rw-p 00108000 08:01 786792                     /lib/x86_64-linux-gnu/libm-2.23.so
7fd29d7a4000-7fd29d916000 r-xp 00000000 08:01 1181895                    /usr/lib/x86_64-linux-gnu/libstdc++.so.6.0.21
7fd29d916000-7fd29db16000 ---p 00172000 08:01 1181895                    /usr/lib/x86_64-linux-gnu/libstdc++.so.6.0.21
7fd29db16000-7fd29db20000 r--p 00172000 08:01 1181895                    /usr/lib/x86_64-linux-gnu/libstdc++.so.6.0.21
7fd29db20000-7fd29db22000 rw-p 0017c000 08:01 1181895                    /usr/lib/x86_64-linux-gnu/libstdc++.so.6.0.21
7fd29db22000-7fd29db26000 rw-p 00000000 00:00 0 
7fd29db26000-7fd29e984000 r-xp 00000000 08:01 23844                      /usr/lib/jvm/java-9-openjdk-amd64/lib/amd64/server/libjvm.so
7fd29e984000-7fd29eb84000 ---p 00e5e000 08:01 23844                      /usr/lib/jvm/java-9-openjdk-amd64/lib/amd64/server/libjvm.so
7fd29eb84000-7fd29ec36000 r--p 00e5e000 08:01 23844                      /usr/lib/jvm/java-9-openjdk-amd64/lib/amd64/server/libjvm.so
7fd29ec36000-7fd29ec68000 rw-p 00f10000 08:01 23844                      /usr/lib/jvm/java-9-openjdk-amd64/lib/amd64/server/libjvm.so
7fd29ec68000-7fd29ecad000 rw-p 00000000 00:00 0 
7fd29ecad000-7fd29ecc5000 r-xp 00000000 08:01 792164                     /lib/x86_64-linux-gnu/libpthread-2.23.so
7fd29ecc5000-7fd29eec4000 ---p 00018000 08:01 792164                     /lib/x86_64-linux-gnu/libpthread-2.23.so
7fd29eec4000-7fd29eec5000 r--p 00017000 08:01 792164                     /lib/x86_64-linux-gnu/libpthread-2.23.so
7fd29eec5000-7fd29eec6000 rw-p 00018000 08:01 792164                     /lib/x86_64-linux-gnu/libpthread-2.23.so
7fd29eec6000-7fd29eeca000 rw-p 00000000 00:00 0 
7fd29eeca000-7fd29eecd000 r-xp 00000000 08:01 792167                     /lib/x86_64-linux-gnu/libdl-2.23.so
7fd29eecd000-7fd29f0cc000 ---p 00003000 08:01 792167                     /lib/x86_64-linux-gnu/libdl-2.23.so
7fd29f0cc000-7fd29f0cd000 r--p 00002000 08:01 792167                     /lib/x86_64-linux-gnu/libdl-2.23.so
7fd29f0cd000-7fd29f0ce000 rw-p 00003000 08:01 792167                     /lib/x86_64-linux-gnu/libdl-2.23.so
7fd29f0ce000-7fd29f0e7000 r-xp 00000000 08:01 792042                     /lib/x86_64-linux-gnu/libz.so.1.2.8
7fd29f0e7000-7fd29f2e6000 ---p 00019000 08:01 792042                     /lib/x86_64-linux-gnu/libz.so.1.2.8
7fd29f2e6000-7fd29f2e7000 r--p 00018000 08:01 792042                     /lib/x86_64-linux-gnu/libz.so.1.2.8
7fd29f2e7000-7fd29f2e8000 rw-p 00019000 08:01 792042                     /lib/x86_64-linux-gnu/libz.so.1.2.8
7fd29f2e8000-7fd29f4a8000 r-xp 00000000 08:01 792165                     /lib/x86_64-linux-gnu/libc-2.23.so
7fd29f4a8000-7fd29f6a8000 ---p 001c0000 08:01 792165                     /lib/x86_64-linux-gnu/libc-2.23.so
7fd29f6a8000-7fd29f6ac000 r--p 001c0000 08:01 792165                     /lib/x86_64-linux-gnu/libc-2.23.so
7fd29f6ac000-7fd29f6ae000 rw-p 001c4000 08:01 792165                     /lib/x86_64-linux-gnu/libc-2.23.so
7fd29f6ae000-7fd29f6b2000 rw-p 00000000 00:00 0 
7fd29f6b2000-7fd29f6c0000 r-xp 00000000 08:01 23861                      /usr/lib/jvm/java-9-openjdk-amd64/lib/amd64/jli/libjli.so
7fd29f6c0000-7fd29f8bf000 ---p 0000e000 08:01 23861                      /usr/lib/jvm/java-9-openjdk-amd64/lib/amd64/jli/libjli.so
7fd29f8bf000-7fd29f8c0000 r--p 0000d000 08:01 23861                      /usr/lib/jvm/java-9-openjdk-amd64/lib/amd64/jli/libjli.so
7fd29f8c0000-7fd29f8c1000 rw-p 0000e000 08:01 23861                      /usr/lib/jvm/java-9-openjdk-amd64/lib/amd64/jli/libjli.so
7fd29f8c1000-7fd29f8e7000 r-xp 00000000 08:01 792163                     /lib/x86_64-linux-gnu/ld-2.23.so
7fd29f8e7000-7fd29f908000 r--p 00000000 08:01 146857                     /usr/share/locale-langpack/zh_CN/LC_MESSAGES/libc.mo
7fd29f908000-7fd29f9c2000 rw-p 00000000 00:00 0 
7fd29f9c2000-7fd29f9c6000 ---p 00000000 00:00 0 
7fd29f9c6000-7fd29fac7000 rw-p 00000000 00:00 0 
7fd29fac8000-7fd29facf000 r--s 00000000 08:01 4544                       /usr/lib/x86_64-linux-gnu/gconv/gconv-modules.cache
7fd29facf000-7fd29fad4000 rw-p 00000000 00:00 0 
7fd29fad4000-7fd29fadb000 ---p 00000000 00:00 0 
7fd29fadb000-7fd29fae3000 rw-s 00000000 08:01 556626                     /tmp/hsperfdata_python/34640
7fd29fae3000-7fd29fae4000 rw-p 00000000 00:00 0 
7fd29fae4000-7fd29fae5000 r--p 00000000 00:00 0 
7fd29fae5000-7fd29fae6000 rw-p 00000000 00:00 0 
7fd29fae6000-7fd29fae7000 r--p 00025000 08:01 792163                     /lib/x86_64-linux-gnu/ld-2.23.so
7fd29fae7000-7fd29fae8000 rw-p 00026000 08:01 792163                     /lib/x86_64-linux-gnu/ld-2.23.so
7fd29fae8000-7fd29fae9000 rw-p 00000000 00:00 0 
7fffdd486000-7fffdd4a7000 rw-p 00000000 00:00 0                          [stack]
7fffdd5f9000-7fffdd5fb000 r--p 00000000 00:00 0                          [vvar]
7fffdd5fb000-7fffdd5fd000 r-xp 00000000 00:00 0                          [vdso]
ffffffffff600000-ffffffffff601000 r-xp 00000000 00:00 0                  [vsyscall]

VM Arguments:
java_command: AwtDemo
java_class_path (initial): .
Launcher Type: SUN_STANDARD

Environment Variables:
PATH=/usr/local/sbin:/usr/local/bin:/usr/sbin:/usr/bin:/sbin:/bin:/usr/games:/usr/local/games:/snap/bin:/home/python/Downloads/node-v6.1.0-linux-x64/bin
SHELL=/bin/bash
DISPLAY=:0

Signal Handlers:
SIGSEGV: [libjvm.so+0xc12c20], sa_mask[0]=11111111011111111101111111111110, sa_flags=SA_RESTART|SA_SIGINFO
SIGBUS: [libjvm.so+0xc12c20], sa_mask[0]=11111111011111111101111111111110, sa_flags=SA_RESTART|SA_SIGINFO
SIGFPE: [libjvm.so+0xc12c20], sa_mask[0]=11111111011111111101111111111110, sa_flags=SA_RESTART|SA_SIGINFO
SIGPIPE: [libjvm.so+0xa3b600], sa_mask[0]=11111111011111111101111111111110, sa_flags=SA_RESTART|SA_SIGINFO
SIGXFSZ: [libjvm.so+0xa3b600], sa_mask[0]=11111111011111111101111111111110, sa_flags=SA_RESTART|SA_SIGINFO
SIGILL: [libjvm.so+0xc12c20], sa_mask[0]=11111111011111111101111111111110, sa_flags=SA_RESTART|SA_SIGINFO
SIGUSR2: [libjvm.so+0xa3b4a0], sa_mask[0]=00000000000000000000000000000000, sa_flags=SA_RESTART|SA_SIGINFO
SIGHUP: [libjvm.so+0xa3b870], sa_mask[0]=11111111011111111101111111111110, sa_flags=SA_RESTART|SA_SIGINFO
SIGINT: [libjvm.so+0xa3b870], sa_mask[0]=11111111011111111101111111111110, sa_flags=SA_RESTART|SA_SIGINFO
SIGTERM: [libjvm.so+0xa3b870], sa_mask[0]=11111111011111111101111111111110, sa_flags=SA_RESTART|SA_SIGINFO
SIGQUIT: [libjvm.so+0xa3b870], sa_mask[0]=11111111011111111101111111111110, sa_flags=SA_RESTART|SA_SIGINFO


---------------  S Y S T E M  ---------------

OS:DISTRIB_ID=Ubuntu
DISTRIB_RELEASE=16.04
DISTRIB_CODENAME=xenial
DISTRIB_DESCRIPTION="Ubuntu 16.04.2 LTS"
uname:Linux 4.4.0-31-generic #50-Ubuntu SMP Wed Jul 13 00:07:12 UTC 2016 x86_64
libc:glibc 2.23 NPTL 2.23 
rlimit: STACK 8192k, CORE 0k, NPROC 15581, NOFILE 1048576, AS infinity
load average:1.82 0.59 0.20

/proc/meminfo:
MemTotal:        4028884 kB
MemFree:          233504 kB
MemAvailable:    1887388 kB
Buffers:          441128 kB
Cached:          1387632 kB
SwapCached:         2152 kB
Active:          1841200 kB
Inactive:        1164148 kB
Active(anon):     784540 kB
Inactive(anon):   462148 kB
Active(file):    1056660 kB
Inactive(file):   702000 kB
Unevictable:          16 kB
Mlocked:              16 kB
SwapTotal:       4192252 kB
SwapFree:        4172816 kB
Dirty:               132 kB
Writeback:             0 kB
AnonPages:       1174768 kB
Mapped:           350884 kB
Shmem:             70100 kB
Slab:             257508 kB
SReclaimable:     184780 kB
SUnreclaim:        72728 kB
KernelStack:       11712 kB
PageTables:        34456 kB
NFS_Unstable:          0 kB
Bounce:                0 kB
WritebackTmp:          0 kB
CommitLimit:     6206692 kB
Committed_AS:    5049196 kB
VmallocTotal:   34359738367 kB
VmallocUsed:           0 kB
VmallocChunk:          0 kB
HardwareCorrupted:     0 kB
AnonHugePages:    694272 kB
CmaTotal:              0 kB
CmaFree:               0 kB
HugePages_Total:       0
HugePages_Free:        0
HugePages_Rsvd:        0
HugePages_Surp:        0
Hugepagesize:       2048 kB
DirectMap4k:      223040 kB
DirectMap2M:     3971072 kB
DirectMap1G:     2097152 kB


CPU:total 4 (4 cores per cpu, 1 threads per core) family 6 model 60 stepping 3, cmov, cx8, fxsr, mmx, sse, sse2, sse3, ssse3, sse4.1, sse4.2, popcnt, avx, avx2, aes, clmul, erms, lzcnt, tsc, tscinvbit, bmi1, bmi2

CPU Model and flags from /proc/cpuinfo:
model name	: Intel(R) Core(TM) i7-4790K CPU @ 4.00GHz
flags		: fpu vme de pse tsc msr pae mce cx8 apic sep mtrr pge mca cmov pat pse36 clflush dts mmx fxsr sse sse2 ss ht syscall nx pdpe1gb rdtscp lm constant_tsc arch_perfmon pebs bts nopl xtopology tsc_reliable nonstop_tsc aperfmperf eagerfpu pni pclmulqdq ssse3 fma cx16 pcid sse4_1 sse4_2 x2apic movbe popcnt tsc_deadline_timer aes xsave avx f16c rdrand hypervisor lahf_lm abm fsgsbase tsc_adjust bmi1 avx2 smep bmi2 invpcid xsaveopt dtherm ida arat pln pts

Memory: 4k page, physical 4028884k(233504k free), swap 4192252k(4172816k free)

vm_info: OpenJDK 64-Bit Server VM (9-internal+0-2016-04-14-195246.buildd.src) for linux-amd64 JRE (9-internal+0-2016-04-14-195246.buildd.src), built on Apr 14 2016 20:05:37 by "buildd" with gcc 5.3.1 20160413

END.
